Starting Dynare (version 5.0).
Calling Dynare with arguments: none
Starting preprocessing of the model file ...
Found 105 equation(s).
Evaluating expressions...done
Computing static model derivatives (order 1).
Computing dynamic model derivatives (order 1).
Processing outputs ...
done
Preprocessing completed.


STEADY-STATE RESULTS:

p_UU         		 0
p_GG         		 0
p_RR         		 0
p_UG         		 0
p_UR         		 0
p_GU         		 0
p_GR         		 0
p_RG         		 0
p_RU         		 0
p_UU_reset   		 0
p_GG_reset   		 0
p_RR_reset   		 0
c_U          		 -0.120511
c_R          		 -0.120511
c_G          		 -0.120511
pi_U         		 0
pi_R         		 0
pi_G         		 0
i_U          		 0.010101
i_R          		 0.010101
i_G          		 0.010101
i_U_G        		 0.010101
i_U_R        		 0.010101
B_U          		 0
B_G          		 0
B_R          		 0
w_U          		 -0.988984
w_G          		 -0.988984
w_R          		 -0.988984
n_U          		 -0.517822
n_G          		 -0.517822
n_R          		 -0.517822
mc_U         		 -0.693147
mc_G         		 -0.693147
mc_R         		 -0.693147
x_U          		 -0.813659
x_G          		 -0.813659
x_R          		 -0.813659
y_U          		 0.284954
y_R          		 0.284954
y_G          		 0.284954
y_UU         		 -0.408193
y_UG         		 -1.10134
y_UR         		 -1.10134
y_GG         		 -0.408193
y_GU         		 -1.10134
y_GR         		 -1.10134
y_RR         		 -0.408193
y_RU         		 -1.10134
y_RG         		 -1.10134
Profit_U     		 0.66485
Profit_G     		 0.66485
Profit_R     		 0.66485
q_G          		 0
q_R          		 0
eps_M_U      		 0
eps_M_G      		 0
eps_M_R      		 0
a_U          		 1
a_G          		 1
a_R          		 1
uip_G        		 0
uip_R        		 0
y_U_UG       		 -1.10134
y_G_UG       		 -1.10134
p_U_UG       		 0
p_G_UG       		 0
p_U_UG_reset 		 0
p_G_UG_reset 		 0
y_U_UR       		 -1.10134
y_R_UR       		 -1.10134
p_U_UR       		 0
p_R_UR       		 0
p_U_UR_reset 		 0
p_R_UR_reset 		 0
y_U_GU       		 -1.10134
y_G_GU       		 -1.10134
p_U_GU       		 0
p_G_GU       		 0
p_U_GU_reset 		 0
p_G_GU_reset 		 0
y_R_GR       		 -1.10134
y_G_GR       		 -1.10134
y_U_GR       		 -1.10134
p_R_GR       		 0
p_G_GR       		 0
p_U_GR       		 0
p_R_GR_reset 		 0
p_G_GR_reset 		 0
p_U_GR_reset 		 0
y_U_RU       		 -1.10134
y_R_RU       		 -1.10134
p_U_RU       		 0
p_R_RU       		 0
p_U_RU_reset 		 0
p_R_RU_reset 		 0
y_R_RG       		 -1.10134
y_G_RG       		 -1.10134
y_U_RG       		 -1.10134
p_R_RG       		 0
p_G_RG       		 0
p_U_RG       		 0
p_R_RG_reset 		 0
p_G_RG_reset 		 0
p_U_RG_reset 		 0

MODEL SUMMARY

  Number of variables:         105
  Number of stochastic shocks: 10
  Number of state variables:   38
  Number of jumpers:           28
  Number of static variables:  45


MATRIX OF COVARIANCE OF EXOGENOUS SHOCKS
Variables      eps_i_U    eps_i_G    eps_i_R      eps_R      eps_G    eps_a_U    eps_a_G    eps_a_R  eps_uip_G  eps_uip_R
eps_i_U       0.000000   0.000000   0.000000   0.000000   0.000000   0.000000   0.000000   0.000000   0.000000   0.000000
eps_i_G       0.000000   0.000006   0.000000   0.000000   0.000000   0.000000   0.000000   0.000000   0.000000   0.000000
eps_i_R       0.000000   0.000000   0.000000   0.000000   0.000000   0.000000   0.000000   0.000000   0.000000   0.000000
eps_R         0.000000   0.000000   0.000000   0.000000   0.000000   0.000000   0.000000   0.000000   0.000000   0.000000
eps_G         0.000000   0.000000   0.000000   0.000000   0.000000   0.000000   0.000000   0.000000   0.000000   0.000000
eps_a_U       0.000000   0.000000   0.000000   0.000000   0.000000   0.000000   0.000000   0.000000   0.000000   0.000000
eps_a_G       0.000000   0.000000   0.000000   0.000000   0.000000   0.000000   0.000000   0.000000   0.000000   0.000000
eps_a_R       0.000000   0.000000   0.000000   0.000000   0.000000   0.000000   0.000000   0.000000   0.000000   0.000000
eps_uip_G     0.000000   0.000000   0.000000   0.000000   0.000000   0.000000   0.000000   0.000000   0.000000   0.000000
eps_uip_R     0.000000   0.000000   0.000000   0.000000   0.000000   0.000000   0.000000   0.000000   0.000000   0.000000

POLICY AND TRANSITION FUNCTIONS
                                pi_G            p_GG
p_UU(-1)                   -0.073921        0.050928
p_GG(-1)                    0.556064        0.369449
p_RR(-1)                    0.026140       -0.028241
i_U(-1)                     0.083964       -0.080305
i_R(-1)                     0.115250       -0.106674
i_G(-1)                    -0.184266        0.172493
B_G(-1)                     0.000232       -0.001417
B_R(-1)                    -0.001451        0.000557
eps_M_U(-1)                -0.298349        0.248899
eps_M_G(-1)                 0.624646       -0.454620
eps_M_R(-1)                -0.177873        0.157139
a_U(-1)                    -0.000297       -0.000186
a_G(-1)                    -0.036246       -0.014134
a_R(-1)                    -0.027365        0.022088
uip_G(-1)                   1.273649       -0.887955
uip_R(-1)                  -0.110083        0.102068
p_U_UG(-1)                  0.152772       -0.125823
p_U_UR(-1)                  0.003396       -0.004063
p_G_GU(-1)                  0.087328       -0.077141
p_G_GR(-1)                  0.128216       -0.106951
p_R_RU(-1)                 -0.004791        0.001322
p_R_RG(-1)                  0.132562       -0.120631
w_U(-1)                     0.000086        0.000214
w_G(-1)                     0.025999        0.004105
w_R(-1)                     0.018964       -0.012460
eps_i_U                    -0.342418        0.285664
eps_i_G                     0.730495       -0.531657
eps_i_R                    -0.355746        0.314279
eps_R                      -0.148337        0.142642
eps_G                       0.261245       -0.252967
eps_a_U                    -0.000416       -0.000261
eps_a_G                    -0.048244       -0.018813
eps_a_R                    -0.034206        0.027610
eps_uip_G                   1.291472       -0.900380
eps_uip_R                  -0.220166        0.204136


MOMENTS OF SIMULATED VARIABLES
VARIABLE              MEAN       STD. DEV.        VARIANCE        SKEWNESS        KURTOSIS
pi_G             -0.000285        0.001944        0.000004       -0.003607        0.160444
p_GG              0.000537        0.003152        0.000010        0.153369        0.253505


CORRELATION OF SIMULATED VARIABLES
VARIABLE      pi_G    p_GG
pi_G        1.0000 -0.7164
p_GG       -0.7164  1.0000


AUTOCORRELATION OF SIMULATED VARIABLES
VARIABLE         1       2       3       4       5
pi_G        0.3690  0.2612  0.1522  0.1201  0.1026
p_GG        0.9064  0.7904  0.6700  0.5661  0.4806



VARIANCE DECOMPOSITION SIMULATING ONE SHOCK AT A TIME (in percent)
                 eps_i_U           eps_i_G           eps_i_R             eps_R             eps_G           eps_a_U           eps_a_G           eps_a_R         eps_uip_G         eps_uip_R  Tot. lin. contr.
pi_G                0.00            100.11              0.00              0.00              0.00              0.00              0.00              0.00              0.00              0.00            100.11
p_GG                0.00            100.11              0.00              0.00              0.00              0.00              0.00              0.00              0.00              0.00            100.11
Note: numbers do not add up to 100 due to non-zero correlation of simulated shocks in small samples

Total computing time : 0h00m01s
