Starting Dynare (version 5.0).
Calling Dynare with arguments: none
Starting preprocessing of the model file ...
Found 105 equation(s).
Evaluating expressions...done
Computing static model derivatives (order 1).
Computing dynamic model derivatives (order 1).
Processing outputs ...
done
Preprocessing completed.


STEADY-STATE RESULTS:

p_UU         		 0
p_GG         		 0
p_RR         		 0
p_UG         		 0
p_UR         		 0
p_GU         		 0
p_GR         		 0
p_RG         		 0
p_RU         		 0
p_UU_reset   		 0
p_GG_reset   		 0
p_RR_reset   		 0
c_U          		 -0.120511
c_R          		 -0.120511
c_G          		 -0.120511
pi_U         		 0
pi_R         		 0
pi_G         		 0
i_U          		 0.010101
i_R          		 0.010101
i_G          		 0.010101
i_U_G        		 0.010101
i_U_R        		 0.010101
B_U          		 0
B_G          		 0
B_R          		 0
w_U          		 -0.988984
w_G          		 -0.988984
w_R          		 -0.988984
n_U          		 -0.517822
n_G          		 -0.517822
n_R          		 -0.517822
mc_U         		 -0.693147
mc_G         		 -0.693147
mc_R         		 -0.693147
x_U          		 -0.813659
x_G          		 -0.813659
x_R          		 -0.813659
y_U          		 0.284954
y_R          		 0.284954
y_G          		 0.284954
y_UU         		 -0.408193
y_UG         		 -1.10134
y_UR         		 -1.10134
y_GG         		 -0.408193
y_GU         		 -1.10134
y_GR         		 -1.10134
y_RR         		 -0.408193
y_RU         		 -1.10134
y_RG         		 -1.10134
Profit_U     		 0.66485
Profit_G     		 0.66485
Profit_R     		 0.66485
q_G          		 0
q_R          		 0
eps_M_U      		 0
eps_M_G      		 0
eps_M_R      		 0
a_U          		 1
a_G          		 1
a_R          		 1
uip_G        		 0
uip_R        		 0
y_U_UG       		 -1.10134
y_G_UG       		 -1.10134
p_U_UG       		 0
p_G_UG       		 0
p_U_UG_reset 		 0
p_G_UG_reset 		 0
y_U_UR       		 -1.10134
y_R_UR       		 -1.10134
p_U_UR       		 0
p_R_UR       		 0
p_U_UR_reset 		 0
p_R_UR_reset 		 0
y_U_GU       		 -1.10134
y_G_GU       		 -1.10134
p_U_GU       		 0
p_G_GU       		 0
p_U_GU_reset 		 0
p_G_GU_reset 		 0
y_R_GR       		 -1.10134
y_G_GR       		 -1.10134
y_U_GR       		 -1.10134
p_R_GR       		 0
p_G_GR       		 0
p_U_GR       		 0
p_R_GR_reset 		 0
p_G_GR_reset 		 0
p_U_GR_reset 		 0
y_U_RU       		 -1.10134
y_R_RU       		 -1.10134
p_U_RU       		 0
p_R_RU       		 0
p_U_RU_reset 		 0
p_R_RU_reset 		 0
y_R_RG       		 -1.10134
y_G_RG       		 -1.10134
y_U_RG       		 -1.10134
p_R_RG       		 0
p_G_RG       		 0
p_U_RG       		 0
p_R_RG_reset 		 0
p_G_RG_reset 		 0
p_U_RG_reset 		 0

MODEL SUMMARY

  Number of variables:         105
  Number of stochastic shocks: 10
  Number of state variables:   38
  Number of jumpers:           28
  Number of static variables:  45


MATRIX OF COVARIANCE OF EXOGENOUS SHOCKS
Variables      eps_i_U    eps_i_G    eps_i_R      eps_R      eps_G    eps_a_U    eps_a_G    eps_a_R  eps_uip_G  eps_uip_R
eps_i_U       0.000000   0.000000   0.000000   0.000000   0.000000   0.000000   0.000000   0.000000   0.000000   0.000000
eps_i_G       0.000000   0.000006   0.000000   0.000000   0.000000   0.000000   0.000000   0.000000   0.000000   0.000000
eps_i_R       0.000000   0.000000   0.000000   0.000000   0.000000   0.000000   0.000000   0.000000   0.000000   0.000000
eps_R         0.000000   0.000000   0.000000   0.000000   0.000000   0.000000   0.000000   0.000000   0.000000   0.000000
eps_G         0.000000   0.000000   0.000000   0.000000   0.000000   0.000000   0.000000   0.000000   0.000000   0.000000
eps_a_U       0.000000   0.000000   0.000000   0.000000   0.000000   0.000000   0.000000   0.000000   0.000000   0.000000
eps_a_G       0.000000   0.000000   0.000000   0.000000   0.000000   0.000000   0.000000   0.000000   0.000000   0.000000
eps_a_R       0.000000   0.000000   0.000000   0.000000   0.000000   0.000000   0.000000   0.000000   0.000000   0.000000
eps_uip_G     0.000000   0.000000   0.000000   0.000000   0.000000   0.000000   0.000000   0.000000   0.000000   0.000000
eps_uip_R     0.000000   0.000000   0.000000   0.000000   0.000000   0.000000   0.000000   0.000000   0.000000   0.000000

POLICY AND TRANSITION FUNCTIONS
                                pi_G            p_GG
p_UU(-1)                   -0.007264        0.001992
p_GG(-1)                    0.489110        0.300047
p_RR(-1)                   -0.009512       -0.000337
i_U(-1)                     0.056685       -0.041618
i_R(-1)                     0.032283       -0.019564
i_G(-1)                    -0.079935        0.052783
B_G(-1)                     0.000684       -0.001069
B_R(-1)                    -0.000257        0.000053
eps_M_U(-1)                -0.356965        0.172758
eps_M_G(-1)                 0.891105       -0.245789
eps_M_R(-1)                -0.078487        0.041537
a_U(-1)                    -0.037289        0.027526
a_G(-1)                    -0.252709       -0.041247
a_R(-1)                    -0.043005        0.021370
uip_G(-1)                   0.286924       -0.152916
uip_R(-1)                  -0.030500        0.018359
p_G_UG(-1)                  0.106927       -0.086735
p_R_UR(-1)                 -0.009211        0.005302
p_U_GU(-1)                  0.048977       -0.031490
p_R_GR(-1)                  0.038452       -0.023841
p_U_RU(-1)                  0.005901       -0.007901
p_G_RG(-1)                  0.204209       -0.148951
w_U(-1)                     0.017540       -0.010436
w_G(-1)                     0.081726        0.013575
w_R(-1)                     0.028696       -0.010470
eps_i_U                    -0.412009        0.199398
eps_i_G                     0.996761       -0.274932
eps_i_R                    -0.156974        0.083073
eps_R                      -0.020504        0.014917
eps_G                       0.063902       -0.051524
eps_a_U                    -0.052043        0.038417
eps_a_G                    -0.300200       -0.048999
eps_a_R                    -0.053757        0.026713
eps_uip_G                   0.359329       -0.191504
eps_uip_R                  -0.060999        0.036719


MOMENTS OF SIMULATED VARIABLES
VARIABLE              MEAN       STD. DEV.        VARIANCE        SKEWNESS        KURTOSIS
pi_G             -0.001099        0.004614        0.000021       -0.029062        0.190156
p_GG              0.000411        0.002452        0.000006        0.147943        0.207988


CORRELATION OF SIMULATED VARIABLES
VARIABLE      pi_G    p_GG
pi_G        1.0000 -0.9466
p_GG       -0.9466  1.0000


AUTOCORRELATION OF SIMULATED VARIABLES
VARIABLE         1       2       3       4       5
pi_G        0.8482  0.7359  0.6345  0.5588  0.5001
p_GG        0.9533  0.8745  0.7863  0.7031  0.6292



VARIANCE DECOMPOSITION SIMULATING ONE SHOCK AT A TIME (in percent)
                 eps_i_U           eps_i_G           eps_i_R             eps_R             eps_G           eps_a_U           eps_a_G           eps_a_R         eps_uip_G         eps_uip_R  Tot. lin. contr.
pi_G                0.00            100.11              0.00              0.00              0.00              0.00              0.00              0.00              0.00              0.00            100.11
p_GG                0.00            100.11              0.00              0.00              0.00              0.00              0.00              0.00              0.00              0.00            100.11
Note: numbers do not add up to 100 due to non-zero correlation of simulated shocks in small samples

Total computing time : 0h00m01s
