Starting Dynare (version 5.3).
Calling Dynare with arguments: none
Starting preprocessing of the model file ...
Found 114 equation(s).
Evaluating expressions...done
Computing static model derivatives (order 1).
Computing dynamic model derivatives (order 2).
Processing outputs ...
done
Preprocessing completed.


STEADY-STATE RESULTS:

p_UU         		 0
p_GG         		 0
p_RR         		 0
p_UG         		 0
p_UR         		 0
p_GU         		 0
p_GR         		 0
p_RG         		 0
p_RU         		 0
p_UU_reset   		 0
p_GG_reset   		 0
p_RR_reset   		 0
c_U          		 -0.120511
c_R          		 -0.120511
c_G          		 -0.120511
pi_U         		 0
pi_R         		 0
pi_G         		 0
i_U          		 0.010101
i_R          		 0.010101
i_G          		 0.010101
i_U_G        		 0.010101
i_U_R        		 0.010101
B_U          		 0
B_G          		 0
B_R          		 0
w_U          		 -0.988984
w_G          		 -0.988984
w_R          		 -0.988984
n_U          		 -0.517822
n_G          		 -0.517822
n_R          		 -0.517822
mc_U         		 -0.693147
mc_G         		 -0.693147
mc_R         		 -0.693147
x_U          		 -0.813659
x_G          		 -0.813659
x_R          		 -0.813659
y_U          		 0.284954
y_R          		 0.284954
y_G          		 0.284954
y_UU         		 -0.0717212
y_UG         		 -1.61217
y_UR         		 -1.61217
y_GG         		 -0.0717212
y_GU         		 -1.61217
y_GR         		 -1.61217
y_RR         		 -0.0717212
y_RU         		 -1.61217
y_RG         		 -1.61217
Profit_U     		 0.66485
Profit_G     		 0.66485
Profit_R     		 0.66485
q_G          		 0
q_R          		 0
eps_M_U      		 0
eps_M_G      		 0
eps_M_R      		 0
a_U          		 1
a_G          		 1
a_R          		 1
uip_G        		 0
uip_R        		 0
y_U_UG       		 -1.61217
y_G_UG       		 -1.61217
p_U_UG       		 0
p_G_UG       		 0
p_U_UG_reset 		 0
p_G_UG_reset 		 0
y_U_UR       		 -1.61217
y_R_UR       		 -1.61217
p_U_UR       		 0
p_R_UR       		 0
p_U_UR_reset 		 0
p_R_UR_reset 		 0
y_U_GU       		 -1.61217
y_G_GU       		 -1.61217
p_U_GU       		 0
p_G_GU       		 0
p_U_GU_reset 		 0
p_G_GU_reset 		 0
y_R_GR       		 -1.61217
y_G_GR       		 -1.61217
y_U_GR       		 -1.61217
p_R_GR       		 0
p_G_GR       		 0
p_U_GR       		 0
p_R_GR_reset 		 0
p_G_GR_reset 		 0
p_U_GR_reset 		 0
y_U_RU       		 -1.61217
y_R_RU       		 -1.61217
p_U_RU       		 0
p_R_RU       		 0
p_U_RU_reset 		 0
p_R_RU_reset 		 0
y_R_RG       		 -1.61217
y_G_RG       		 -1.61217
y_U_RG       		 -1.61217
p_R_RG       		 0
p_G_RG       		 0
p_U_RG       		 0
p_R_RG_reset 		 0
p_G_RG_reset 		 0
p_U_RG_reset 		 0
d_y_U        		 0
d_i_U        		 0
d_pi_U       		 0
d_w_U        		 0
d_y_G        		 0
d_i_G        		 0
d_pi_G       		 0
d_w_G        		 0
d_q_G        		 0

You did not declare endogenous variables after the estimation/calib_smoother command.
Initial value of the log posterior (or likelihood): 2253.4462
                                            First-order      Norm of
 Iter F-count            f(x)  Feasibility   optimality         step
    0      26   -2.253446e+03    0.000e+00    1.303e+04
    1      58   -2.282884e+03    0.000e+00    4.093e+03    1.901e-01
    2      86   -2.286743e+03    0.000e+00    5.393e+03    7.902e-02
Objective function returned Inf; trying a new point...
    3     115   -2.287799e+03    0.000e+00    2.450e+03    2.769e-01
    4     144   -2.293489e+03    0.000e+00    6.183e+03    1.283e-01
    5     173   -2.297243e+03    0.000e+00    6.511e+03    5.675e-01
    6     202   -2.297428e+03    0.000e+00    7.702e+03    1.003e-01
Objective function returned Inf; trying a new point...
    7     232   -2.307691e+03    0.000e+00    7.235e+03    2.513e-01
    8     264   -2.316679e+03    0.000e+00    7.068e+02    1.014e-01
    9     293   -2.317085e+03    0.000e+00    1.969e+03    8.708e-02
   10     323   -2.322078e+03    0.000e+00    2.966e+03    6.349e-02
Objective function returned Inf; trying a new point...
   11     357   -2.323454e+03    0.000e+00    7.820e+02    2.743e-02
   12     385   -2.323611e+03    0.000e+00    2.067e+03    3.989e-02
   13     415   -2.324617e+03    0.000e+00    2.967e+03    6.895e-02
   14     445   -2.324843e+03    0.000e+00    2.073e+03    1.003e-01
   15     473   -2.324861e+03    0.000e+00    2.197e+03    1.049e-01
   16     504   -2.327039e+03    0.000e+00    2.940e+03    1.111e-01
   17     533   -2.327157e+03    0.000e+00    3.518e+03    5.464e-02
   18     564   -2.327879e+03    0.000e+00    1.121e+02    5.041e-02
   19     593   -2.327950e+03    0.000e+00    3.688e+02    3.264e-02
   20     623   -2.328063e+03    0.000e+00    4.473e+02    3.908e-02
   21     651   -2.328097e+03    0.000e+00    5.760e+02    2.693e-02
   22     682   -2.328161e+03    0.000e+00    1.718e+02    3.037e-02
   23     709   -2.328191e+03    0.000e+00    1.786e+02    2.839e-02
   24     741   -2.328293e+03    0.000e+00    2.190e+02    1.431e-02
   25     769   -2.328301e+03    0.000e+00    4.932e+02    8.611e-03
   26     799   -2.328333e+03    0.000e+00    3.206e+02    1.955e-02
   27     826   -2.328388e+03    0.000e+00    3.985e+02    1.752e-02
   28     860   -2.328427e+03    0.000e+00    2.199e+02    3.116e-03
   29     887   -2.328437e+03    0.000e+00    2.165e+02    1.078e-02
   30     918   -2.328452e+03    0.000e+00    4.523e+02    1.231e-02

                                            First-order      Norm of
 Iter F-count            f(x)  Feasibility   optimality         step
   31     946   -2.328458e+03    0.000e+00    4.326e+02    1.452e-02
   32     978   -2.328466e+03    0.000e+00    1.782e+02    5.957e-03
   33    1005   -2.328466e+03    0.000e+00    1.878e+02    8.087e-03
   34    1037   -2.328472e+03    0.000e+00    6.041e+01    3.831e-03
   35    1064   -2.328475e+03    0.000e+00    6.691e+01    3.914e-03
   36    1095   -2.328478e+03    0.000e+00    1.321e+02    6.030e-03
   37    1124   -2.328480e+03    0.000e+00    1.473e+02    2.746e-03
   38    1155   -2.328481e+03    0.000e+00    3.793e+01    1.963e-03
   39    1183   -2.328482e+03    0.000e+00    3.720e+01    3.222e-03
   40    1215   -2.328482e+03    0.000e+00    1.950e+00    1.485e-03
   41    1250   -2.328483e+03    0.000e+00    6.884e+01    1.186e-02
   42    1279   -2.328483e+03    0.000e+00    7.029e+01    7.939e-04
   43    1309   -2.328487e+03    0.000e+00    1.835e+01    8.368e-03
   44    1338   -2.328488e+03    0.000e+00    1.723e+01    4.533e-03
   45    1369   -2.328488e+03    0.000e+00    1.999e+01    5.844e-03
   46    1398   -2.328488e+03    0.000e+00    2.078e+01    5.372e-04
   47    1428   -2.328489e+03    0.000e+00    3.150e+01    4.065e-03
   48    1459   -2.328490e+03    0.000e+00    1.524e+01    1.625e-03
   49    1488   -2.328490e+03    0.000e+00    8.620e+00    1.224e-03
   50    1520   -2.328490e+03    0.000e+00    1.314e+01    6.257e-04
   51    1551   -2.328490e+03    0.000e+00    2.245e+00    6.123e-04
   52    1583   -2.328490e+03    0.000e+00    2.816e+00    2.299e-04
   53    1615   -2.328490e+03    0.000e+00    1.804e-01    1.191e-04
   54    1647   -2.328490e+03    0.000e+00    6.940e-01    7.260e-05
   55    1676   -2.328490e+03    0.000e+00    7.818e-01    4.172e-05
   56    1706   -2.328490e+03    0.000e+00    4.321e-02    8.183e-05
   57    1738   -2.328490e+03    0.000e+00    4.870e-01    5.957e-05
   58    1766   -2.328490e+03    0.000e+00    3.606e-01    1.304e-05
   59    1795   -2.328490e+03    0.000e+00    2.362e-01    1.138e-05
   60    1822   -2.328490e+03    0.000e+00    1.221e-01    2.545e-05

                                            First-order      Norm of
 Iter F-count            f(x)  Feasibility   optimality         step
   61    1848   -2.328490e+03    0.000e+00    5.525e-02    1.010e-05
   62    1874   -2.328490e+03    0.000e+00    1.592e-03    6.091e-06

<a href = "matlab: helpview('optim','feasible_better_objective','CSHelpWindow');">Feasible point with lower objective function value found</a>.


<a href = "matlab: helpview('optim','local_min_poss_with_constr','CSHelpWindow');">Local minimum possible. Constraints satisfied</a>.

fmincon stopped because the <a href = "matlab: helpview('optim','norm_curr_step_simple_fminconip','CSHelpWindow');">size of the current step</a> is less than
the value of the <a href = "matlab: helpview('optim','step_size_tol','CSHelpWindow');">step size tolerance</a> and constraints are 
satisfied to within the value of the <a href = "matlab: helpview('optim','constraint_tolerance','CSHelpWindow');">constraint tolerance</a>.

<<a href = "matlab: createExitMsg({'optimlib:sqpLineSearch:Exit2basic','fmincon'},{'optimlib:sqpLineSearch:Exit2detailed','1.000000e-06','0.000000e+00','1.000000e-06'},true,true);;">stopping criteria details</a>>

Final value of minus the log posterior (or likelihood):-2328.489763 

RESULTS FROM POSTERIOR ESTIMATION
parameters
           prior mean     mode    s.d.  prior pstdev

phi_pi_U       1.5000   1.8211  0.2241   gamm 0.2000 
phi_pi_G       1.5000   2.2030  0.2516   gamm 0.2000 
phi_Y_U        0.2500   0.5864  0.0733   norm 0.1000 
phi_Y_G        0.2500   0.5345  0.0710   norm 0.1000 
theta_p_U      0.7500   0.7237  0.0315   beta 0.1000 
theta_W_U      0.7500   0.6034  0.0843   beta 0.1000 
theta_p_G      0.7500   0.7443  0.0355   beta 0.1000 
theta_W_G      0.7500   0.6059  0.1004   beta 0.1000 
rho_m_U        0.7500   0.5232  0.0520   beta 0.1000 
rho_m_G        0.7500   0.5901  0.0463   beta 0.1000 
rho_eps_U      0.7500   0.9392  0.0153   beta 0.1000 
rho_eps_G      0.7500   0.9492  0.0183   beta 0.1000 
rho_uip_G      0.7500   0.9527  0.0076   beta 0.1000 
rho_a_U        0.7500   0.8626  0.0338   beta 0.1000 
rho_a_G        0.7500   0.8825  0.0294   beta 0.1000 

standard deviation of shocks
           prior mean     mode    s.d.  prior pstdev

eps_i_U        0.0100   0.0030  0.0003   invg 0.0050 
eps_i_G        0.0100   0.0027  0.0003   invg 0.0050 
eps_i_R        0.0100   0.0071  0.0017   invg 0.0050 
eps_R          0.0100   0.0131  0.0026   invg 0.0050 
eps_G          0.0100   0.0177  0.0019   invg 0.0050 
eps_a_U        0.0100   0.0048  0.0008   invg 0.0050 
eps_a_G        0.0100   0.0043  0.0007   invg 0.0050 
eps_a_R        0.0100   0.0090  0.0044   invg 0.0050 
eps_uip_G      0.0100   0.0028  0.0003   invg 0.0050 
eps_uip_R      0.0100   0.0077  0.0023   invg 0.0050 


Log data density [Laplace approximation] is 2231.014725.

Estimation::mcmc: One Chain mode.
Estimation::mcmc: Old mh-files successfully erased!
Estimation::mcmc: Old metropolis.log file successfully erased!
Estimation::mcmc: Creation of a new metropolis.log file.
Estimation::mcmc: Initialization at the posterior mode.

Estimation::mcmc: Write details about the MCMC... Ok!
Estimation::mcmc: Details about the MCMC are available in DCP_D/metropolis/DCP_D_mh_history_0.mat


Estimation::mcmc: Number of mh files: 2 per block.
Estimation::mcmc: Total number of generated files: 2.
Estimation::mcmc: Total number of iterations: 500000.
Estimation::mcmc: Current acceptance ratio per chain: 
                                                       Chain  1: 60.0786%
Estimation::mcmc: Total number of MH draws per chain: 500000.
Estimation::mcmc: Total number of generated MH files: 2.
Estimation::mcmc: I'll use mh-files 1 to 2.
Estimation::mcmc: In MH-file number 1 I'll start at line 250001.
Estimation::mcmc: Finally I keep 250000 draws per chain.



MCMC Inefficiency factors per block
Parameter          Block 1
SE_eps_i_U         195.475
SE_eps_i_G         210.799
SE_eps_i_R         148.597
SE_eps_R           188.219
SE_eps_G           181.959
SE_eps_a_U         182.326
SE_eps_a_G         233.078
SE_eps_a_R         189.857
SE_eps_uip_G       200.471
SE_eps_uip_R       150.031
phi_pi_U           149.906
phi_pi_G           191.941
phi_Y_U            166.379
phi_Y_G            207.317
theta_p_U          169.767
theta_W_U          179.275
theta_p_G          303.131
theta_W_G          190.280
rho_m_U            174.290
rho_m_G            176.409
rho_eps_U          203.919
rho_eps_G          367.850
rho_uip_G          192.385
rho_a_U            158.834
rho_a_G            241.511


Geweke (1992) Convergence Tests, based on means of draws 250000 to 300000 vs 375000 to 500000.
p-values are for Chi2-test for equality of means.
Parameter            Post. Mean        Post. Std   p-val No Taper   p-val 4% Taper   p-val 8% Taper  p-val 15% Taper
SE_eps_i_U                0.003            0.000            0.000            0.476            0.529            0.571
SE_eps_i_G                0.003            0.000            0.000            0.205            0.213            0.231
SE_eps_i_R                0.007            0.001            0.127            0.889            0.886            0.879
SE_eps_R                  0.013            0.003            0.000            0.698            0.682            0.643
SE_eps_G                  0.018            0.002            0.478            0.958            0.953            0.944
SE_eps_a_U                0.005            0.001            0.000            0.382            0.374            0.373
SE_eps_a_G                0.004            0.001            0.000            0.202            0.215            0.230
SE_eps_a_R                0.011            0.004            0.000            0.404            0.395            0.382
SE_eps_uip_G              0.003            0.000            0.000            0.280            0.266            0.232
SE_eps_uip_R              0.008            0.002            0.000            0.332            0.295            0.254
phi_pi_U                  1.808            0.220            0.000            0.216            0.191            0.180
phi_pi_G                  2.244            0.265            0.000            0.655            0.660            0.653
phi_Y_U                   0.597            0.072            0.000            0.167            0.189            0.170
phi_Y_G                   0.544            0.075            0.000            0.298            0.268            0.184
theta_p_U                 0.718            0.031            0.000            0.557            0.510            0.476
theta_W_U                 0.585            0.084            0.000            0.271            0.304            0.331
theta_p_G                 0.718            0.042            0.000            0.328            0.364            0.335
theta_W_G                 0.577            0.100            0.000            0.693            0.693            0.640
rho_m_U                   0.524            0.052            0.000            0.720            0.740            0.752
rho_m_G                   0.587            0.048            0.000            0.104            0.100            0.063
rho_eps_U                 0.931            0.017            0.600            0.968            0.966            0.965
rho_eps_G                 0.931            0.024            0.000            0.507            0.527            0.485
rho_uip_G                 0.952            0.008            0.099            0.907            0.900            0.888
rho_a_U                   0.853            0.034            0.000            0.285            0.239            0.216
rho_a_G                   0.865            0.033            0.000            0.157            0.161            0.131


Estimation::marginal density: I'm computing the posterior mean and covariance...  Done!
Estimation::marginal density: I'm computing the posterior log marginal density (modified harmonic mean)... Done!


ESTIMATION RESULTS

Log data density is 2231.263866.

parameters
             prior mean   post. mean        90% HPD interval    prior       pstdev

phi_pi_U          1.500       1.8134      1.4496      2.1669     gamm       0.2000
phi_pi_G          1.500       2.2503      1.8215      2.6855     gamm       0.2000
phi_Y_U           0.250       0.5982      0.4831      0.7183     norm       0.1000
phi_Y_G           0.250       0.5418      0.4238      0.6677     norm       0.1000
theta_p_U         0.750       0.7178      0.6665      0.7683     beta       0.1000
theta_W_U         0.750       0.5841      0.4484      0.7226     beta       0.1000
theta_p_G         0.750       0.7179      0.6555      0.7850     beta       0.1000
theta_W_G         0.750       0.5753      0.4075      0.7350     beta       0.1000
rho_m_U           0.750       0.5243      0.4376      0.6094     beta       0.1000
rho_m_G           0.750       0.5867      0.5084      0.6640     beta       0.1000
rho_eps_U         0.750       0.9312      0.9037      0.9575     beta       0.1000
rho_eps_G         0.750       0.9310      0.8954      0.9687     beta       0.1000
rho_uip_G         0.750       0.9519      0.9395      0.9652     beta       0.1000
rho_a_U           0.750       0.8545      0.8019      0.9095     beta       0.1000
rho_a_G           0.750       0.8635      0.8108      0.9179     beta       0.1000

standard deviation of shocks
             prior mean   post. mean        90% HPD interval    prior       pstdev

eps_i_U           0.010       0.0031      0.0025      0.0036     invg       0.0050
eps_i_G           0.010       0.0028      0.0023      0.0033     invg       0.0050
eps_i_R           0.010       0.0070      0.0047      0.0094     invg       0.0050
eps_R             0.010       0.0127      0.0081      0.0172     invg       0.0050
eps_G             0.010       0.0180      0.0147      0.0212     invg       0.0050
eps_a_U           0.010       0.0049      0.0036      0.0062     invg       0.0050
eps_a_G           0.010       0.0045      0.0033      0.0056     invg       0.0050
eps_a_R           0.010       0.0110      0.0048      0.0173     invg       0.0050
eps_uip_G         0.010       0.0029      0.0023      0.0034     invg       0.0050
eps_uip_R         0.010       0.0084      0.0052      0.0117     invg       0.0050
Total computing time : 3h14m18s
