Starting Dynare (version 5.0).
Calling Dynare with arguments: none
Starting preprocessing of the model file ...
Found 114 equation(s).
Evaluating expressions...done
Computing static model derivatives (order 1).
Computing dynamic model derivatives (order 2).
Processing outputs ...
done
Preprocessing completed.


STEADY-STATE RESULTS:

p_UU         		 0
p_GG         		 0
p_RR         		 0
p_UG         		 0
p_UR         		 0
p_GU         		 0
p_GR         		 0
p_RG         		 0
p_RU         		 0
p_UU_reset   		 0
p_GG_reset   		 0
p_RR_reset   		 0
c_U          		 -0.120511
c_R          		 -0.120511
c_G          		 -0.120511
pi_U         		 0
pi_R         		 0
pi_G         		 0
i_U          		 0.010101
i_R          		 0.010101
i_G          		 0.010101
i_U_G        		 0.010101
i_U_R        		 0.010101
B_U          		 0
B_G          		 0
B_R          		 0
w_U          		 -0.988984
w_G          		 -0.988984
w_R          		 -0.988984
n_U          		 -0.517822
n_G          		 -0.517822
n_R          		 -0.517822
mc_U         		 -0.693147
mc_G         		 -0.693147
mc_R         		 -0.693147
x_U          		 -0.813659
x_G          		 -0.813659
x_R          		 -0.813659
y_U          		 0.284954
y_R          		 0.284954
y_G          		 0.284954
y_UU         		 -0.408193
y_UG         		 -1.10134
y_UR         		 -1.10134
y_GG         		 -0.408193
y_GU         		 -1.10134
y_GR         		 -1.10134
y_RR         		 -0.408193
y_RU         		 -1.10134
y_RG         		 -1.10134
Profit_U     		 0.66485
Profit_G     		 0.66485
Profit_R     		 0.66485
q_G          		 0
q_R          		 0
eps_M_U      		 0
eps_M_G      		 0
eps_M_R      		 0
a_U          		 1
a_G          		 1
a_R          		 1
uip_G        		 0
uip_R        		 0
y_U_UG       		 -1.10134
y_G_UG       		 -1.10134
p_U_UG       		 0
p_G_UG       		 0
p_U_UG_reset 		 0
p_G_UG_reset 		 0
y_U_UR       		 -1.10134
y_R_UR       		 -1.10134
p_U_UR       		 0
p_R_UR       		 0
p_U_UR_reset 		 0
p_R_UR_reset 		 0
y_U_GU       		 -1.10134
y_G_GU       		 -1.10134
p_U_GU       		 0
p_G_GU       		 0
p_U_GU_reset 		 0
p_G_GU_reset 		 0
y_R_GR       		 -1.10134
y_G_GR       		 -1.10134
y_U_GR       		 -1.10134
p_R_GR       		 0
p_G_GR       		 0
p_U_GR       		 0
p_R_GR_reset 		 0
p_G_GR_reset 		 0
p_U_GR_reset 		 0
y_U_RU       		 -1.10134
y_R_RU       		 -1.10134
p_U_RU       		 0
p_R_RU       		 0
p_U_RU_reset 		 0
p_R_RU_reset 		 0
y_R_RG       		 -1.10134
y_G_RG       		 -1.10134
y_U_RG       		 -1.10134
p_R_RG       		 0
p_G_RG       		 0
p_U_RG       		 0
p_R_RG_reset 		 0
p_G_RG_reset 		 0
p_U_RG_reset 		 0
d_y_U        		 0
d_i_U        		 0
d_pi_U       		 0
d_w_U        		 0
d_y_G        		 0
d_i_G        		 0
d_pi_G       		 0
d_w_G        		 0
d_q_G        		 0

You did not declare endogenous variables after the estimation/calib_smoother command.
Initial value of the log posterior (or likelihood): 2142.8443
                                            First-order      Norm of
 Iter F-count            f(x)  Feasibility   optimality         step
    0      26   -2.142844e+03    0.000e+00    7.606e+04
    1      57   -2.286789e+03    0.000e+00    1.839e+04    2.976e-01
Objective function returned Inf; trying a new point...
    2      84   -2.355064e+03    0.000e+00    3.796e+03    2.709e-01
    3     112   -2.357319e+03    0.000e+00    1.493e+04    1.994e-01
Objective function returned Inf; trying a new point...
    4     141   -2.360123e+03    0.000e+00    1.009e+04    1.496e-01
Objective function returned Inf; trying a new point...
    5     172   -2.372143e+03    0.000e+00    1.116e+03    4.549e-02
Objective function returned Inf; trying a new point...
    6     206   -2.374245e+03    0.000e+00    1.254e+03    8.903e-02
    7     234   -2.375139e+03    0.000e+00    2.064e+03    5.300e-02
    8     264   -2.377126e+03    0.000e+00    3.197e+03    1.085e-01
    9     293   -2.377305e+03    0.000e+00    1.699e+03    4.505e-02
Objective function returned Inf; trying a new point...
   10     323   -2.378831e+03    0.000e+00    2.807e+02    1.458e-01
Objective function returned Inf; trying a new point...
   11     351   -2.379484e+03    0.000e+00    1.152e+03    9.604e-02
   12     380   -2.379563e+03    0.000e+00    3.761e+03    4.707e-01
   13     409   -2.380006e+03    0.000e+00    2.569e+03    1.844e-01
   14     438   -2.380224e+03    0.000e+00    1.455e+03    6.977e-02
   15     467   -2.380293e+03    0.000e+00    4.274e+03    1.582e-01
Objective function returned Inf; trying a new point...
   16     496   -2.382979e+03    0.000e+00    3.081e+03    3.000e-01
   17     527   -2.383176e+03    0.000e+00    1.120e+04    1.192e-01
   18     556   -2.383460e+03    0.000e+00    6.987e+03    4.587e-02
   19     585   -2.383749e+03    0.000e+00    5.096e+03    1.073e-01
   20     613   -2.384041e+03    0.000e+00    3.939e+03    2.836e-01
   21     642   -2.385363e+03    0.000e+00    3.181e+03    1.047e-01
   22     673   -2.386879e+03    0.000e+00    1.333e+03    1.152e-01
   23     701   -2.387185e+03    0.000e+00    9.207e+02    8.353e-02
   24     730   -2.387477e+03    0.000e+00    1.188e+03    2.047e-01
   25     763   -2.388383e+03    0.000e+00    4.904e+02    4.139e-02
   26     790   -2.388855e+03    0.000e+00    3.724e+02    5.219e-02
Objective function returned Inf; trying a new point...
   27     820   -2.389288e+03    0.000e+00    7.884e+02    1.923e-01
Objective function returned Inf; trying a new point...
   28     849   -2.389315e+03    0.000e+00    7.206e+02    5.779e-02
Objective function returned Inf; trying a new point...
   29     882   -2.389542e+03    0.000e+00    4.944e+02    1.925e-02
   30     909   -2.389697e+03    0.000e+00    2.495e+02    2.924e-02

                                            First-order      Norm of
 Iter F-count            f(x)  Feasibility   optimality         step
   31     939   -2.389856e+03    0.000e+00    1.342e+03    4.485e-02
   32     968   -2.389872e+03    0.000e+00    1.190e+03    1.574e-02
   33     999   -2.389882e+03    0.000e+00    2.109e+02    1.496e-02
   34    1026   -2.389895e+03    0.000e+00    2.288e+02    3.271e-02
   35    1057   -2.389930e+03    0.000e+00    3.068e+02    2.215e-02
   36    1084   -2.389932e+03    0.000e+00    2.231e+02    1.189e-02
   37    1115   -2.389945e+03    0.000e+00    3.058e+02    1.620e-02
   38    1143   -2.389949e+03    0.000e+00    3.050e+02    7.261e-03
Objective function returned Inf; trying a new point...
   39    1175   -2.389985e+03    0.000e+00    1.430e+02    5.300e-03
Objective function returned Inf; trying a new point...
   40    1202   -2.390005e+03    0.000e+00    1.965e+02    9.655e-03
   41    1233   -2.390015e+03    0.000e+00    3.416e+01    9.459e-03
   42    1265   -2.390017e+03    0.000e+00    3.294e+01    3.933e-03
   43    1294   -2.390018e+03    0.000e+00    3.705e+01    1.316e-03
   44    1327   -2.390019e+03    0.000e+00    1.306e+01    9.892e-04
   45    1354   -2.390019e+03    0.000e+00    9.802e+00    1.453e-03
   46    1385   -2.390019e+03    0.000e+00    4.416e-01    9.377e-04
   47    1421   -2.390021e+03    0.000e+00    3.142e+01    5.896e-03
   48    1450   -2.390021e+03    0.000e+00    2.329e+01    1.527e-03
   49    1480   -2.390022e+03    0.000e+00    2.973e+01    1.299e-02
   50    1509   -2.390022e+03    0.000e+00    3.121e+01    3.794e-03
   51    1539   -2.390023e+03    0.000e+00    1.714e+01    6.640e-03
   52    1570   -2.390023e+03    0.000e+00    2.355e+01    2.892e-03
Objective function returned Inf; trying a new point...
   53    1598   -2.390023e+03    0.000e+00    2.416e+01    3.814e-03
   54    1628   -2.390024e+03    0.000e+00    1.296e+01    4.462e-03
   55    1660   -2.390024e+03    0.000e+00    6.035e+00    2.378e-03
   56    1689   -2.390024e+03    0.000e+00    7.248e+00    4.404e-04
   57    1715   -2.390024e+03    0.000e+00    1.200e+01    2.045e-03
   58    1741   -2.390024e+03    0.000e+00    3.535e-01    9.107e-04
   59    1767   -2.390024e+03    0.000e+00    3.783e-01    1.258e-04
   60    1793   -2.390024e+03    0.000e+00    7.539e-02    9.821e-05

                                            First-order      Norm of
 Iter F-count            f(x)  Feasibility   optimality         step
   61    1829   -2.390024e+03    0.000e+00    9.552e-03    5.345e-06
   62    1856   -2.390024e+03    0.000e+00    1.755e-02    4.011e-06
   63    1885   -2.390024e+03    0.000e+00    1.139e-01    6.477e-05
   64    1918   -2.390024e+03    0.000e+00    8.948e-02    1.037e-05
   65    1948   -2.390024e+03    0.000e+00    8.942e-02    1.819e-05
   66    1976   -2.390024e+03    0.000e+00    8.472e-02    7.324e-06
   67    2003   -2.390024e+03    0.000e+00    1.198e-01    1.811e-05
   68    2032   -2.390024e+03    0.000e+00    1.049e-01    3.619e-06
   69    2063   -2.390024e+03    0.000e+00    4.936e-03    3.601e-06
   70    2091   -2.390024e+03    0.000e+00    4.385e-02    1.164e-06

<a href = "matlab: helpview('optim','local_min_poss_with_constr','CSHelpWindow');">Local minimum possible. Constraints satisfied</a>.

fmincon stopped because the <a href = "matlab: helpview('optim','norm_curr_step_simple_fminconip','CSHelpWindow');">size of the current step</a> is less than
the value of the <a href = "matlab: helpview('optim','step_size_tol','CSHelpWindow');">step size tolerance</a> and constraints are 
satisfied to within the value of the <a href = "matlab: helpview('optim','constraint_tolerance','CSHelpWindow');">constraint tolerance</a>.

<<a href = "matlab: createExitMsg({'optimlib:sqpLineSearch:Exit2basic','fmincon'},{'optimlib:sqpLineSearch:Exit2detailed','1.000000e-06','0.000000e+00','1.000000e-06'},true,true);;">stopping criteria details</a>>

Final value of minus the log posterior (or likelihood):-2390.024062 

RESULTS FROM POSTERIOR ESTIMATION
parameters
           prior mean     mode    s.d.  prior pstdev

phi_pi_U       1.5000   1.7637  0.2401   gamm 0.2000 
phi_pi_G       1.5000   2.0417  0.2242   gamm 0.2000 
phi_Y_U        0.2500   0.5135  0.0652   norm 0.1000 
phi_Y_G        0.2500   0.4590  0.0563   norm 0.1000 
theta_p_U      0.7500   0.7245  0.0348   beta 0.1000 
theta_W_U      0.7500   0.6245  0.0793   beta 0.1000 
theta_p_G      0.7500   0.8254  0.0138   beta 0.1000 
theta_W_G      0.7500   0.6116  0.0919   beta 0.1000 
rho_m_U        0.7500   0.5135  0.0509   beta 0.1000 
rho_m_G        0.7500   0.4906  0.0534   beta 0.1000 
rho_eps_U      0.7500   0.9459  0.0115   beta 0.1000 
rho_eps_G      0.7500   0.9667  0.0077   beta 0.1000 
rho_uip_G      0.7500   0.9787  0.0040   beta 0.1000 
rho_a_U        0.7500   0.8435  0.0337   beta 0.1000 
rho_a_G        0.7500   0.9172  0.0200   beta 0.1000 

standard deviation of shocks
           prior mean     mode    s.d.  prior pstdev

eps_i_U        0.0100   0.0030  0.0003   invg 0.0050 
eps_i_G        0.0100   0.0029  0.0003   invg 0.0050 
eps_i_R        0.0100   0.0071  0.0017   invg 0.0050 
eps_R          0.0100   0.0123  0.0020   invg 0.0050 
eps_G          0.0100   0.0136  0.0014   invg 0.0050 
eps_a_U        0.0100   0.0061  0.0011   invg 0.0050 
eps_a_G        0.0100   0.0059  0.0011   invg 0.0050 
eps_a_R        0.0100   0.0090  0.0036   invg 0.0050 
eps_uip_G      0.0100   0.0031  0.0003   invg 0.0050 
eps_uip_R      0.0100   0.0068  0.0016   invg 0.0050 


Log data density [Laplace approximation] is 2288.585574.

Estimation::mcmc: One Chain mode.
Estimation::mcmc: Old mh-files successfully erased!
Estimation::mcmc: Old metropolis.log file successfully erased!
Estimation::mcmc: Creation of a new metropolis.log file.
Estimation::mcmc: Initialization at the posterior mode.

Estimation::mcmc: Write details about the MCMC... Ok!
Estimation::mcmc: Details about the MCMC are available in DCP_D/metropolis/DCP_D_mh_history_0.mat


Estimation::mcmc: Number of mh files: 2 per block.
Estimation::mcmc: Total number of generated files: 2.
Estimation::mcmc: Total number of iterations: 500000.
Estimation::mcmc: Current acceptance ratio per chain: 
                                                       Chain  1: 60.9638%
Estimation::mcmc: Total number of MH draws per chain: 500000.
Estimation::mcmc: Total number of generated MH files: 2.
Estimation::mcmc: I'll use mh-files 1 to 2.
Estimation::mcmc: In MH-file number 1 I'll start at line 250001.
Estimation::mcmc: Finally I keep 250000 draws per chain.



MCMC Inefficiency factors per block
Parameter          Block 1
SE_eps_i_U         186.858
SE_eps_i_G         181.159
SE_eps_i_R         152.407
SE_eps_R           200.127
SE_eps_G           180.846
SE_eps_a_U         213.881
SE_eps_a_G         211.384
SE_eps_a_R         137.370
SE_eps_uip_G       202.482
SE_eps_uip_R       167.993
phi_pi_U           188.299
phi_pi_G           158.629
phi_Y_U            182.929
phi_Y_G            192.792
theta_p_U          191.080
theta_W_U          186.579
theta_p_G          196.266
theta_W_G          162.417
rho_m_U            172.519
rho_m_G            162.447
rho_eps_U          199.583
rho_eps_G          224.728
rho_uip_G          189.933
rho_a_U            193.743
rho_a_G            219.378


Geweke (1992) Convergence Tests, based on means of draws 250000 to 300000 vs 375000 to 500000.
p-values are for Chi2-test for equality of means.
Parameter            Post. Mean        Post. Std   p-val No Taper   p-val 4% Taper   p-val 8% Taper  p-val 15% Taper
SE_eps_i_U                0.003            0.000            0.000            0.589            0.614            0.627
SE_eps_i_G                0.003            0.000            0.000            0.283            0.260            0.278
SE_eps_i_R                0.007            0.002            0.000            0.471            0.486            0.474
SE_eps_R                  0.012            0.002            0.000            0.754            0.768            0.772
SE_eps_G                  0.014            0.001            0.058            0.884            0.878            0.856
SE_eps_a_U                0.007            0.001            0.000            0.584            0.614            0.614
SE_eps_a_G                0.006            0.001            0.000            0.679            0.692            0.679
SE_eps_a_R                0.010            0.003            0.000            0.326            0.338            0.332
SE_eps_uip_G              0.003            0.000            0.000            0.416            0.418            0.411
SE_eps_uip_R              0.008            0.002            0.000            0.120            0.113            0.093
phi_pi_U                  1.704            0.252            0.000            0.481            0.452            0.445
phi_pi_G                  2.068            0.225            0.000            0.300            0.307            0.329
phi_Y_U                   0.526            0.065            0.000            0.169            0.198            0.192
phi_Y_G                   0.466            0.059            0.000            0.179            0.192            0.140
theta_p_U                 0.715            0.036            0.000            0.098            0.069            0.036
theta_W_U                 0.595            0.080            0.000            0.143            0.142            0.153
theta_p_G                 0.819            0.014            0.000            0.745            0.756            0.741
theta_W_G                 0.584            0.089            0.000            0.676            0.691            0.675
rho_m_U                   0.509            0.052            0.000            0.592            0.581            0.552
rho_m_G                   0.493            0.054            0.000            0.200            0.209            0.183
rho_eps_U                 0.940            0.012            0.000            0.393            0.342            0.295
rho_eps_G                 0.962            0.009            0.000            0.042            0.042            0.028
rho_uip_G                 0.978            0.004            0.018            0.871            0.861            0.849
rho_a_U                   0.828            0.036            0.000            0.318            0.293            0.250
rho_a_G                   0.906            0.022            0.000            0.372            0.372            0.358


Estimation::marginal density: I'm computing the posterior mean and covariance...  Done!
Estimation::marginal density: I'm computing the posterior log marginal density (modified harmonic mean)... Done!


ESTIMATION RESULTS

Log data density is 2288.857987.

parameters
             prior mean   post. mean        90% HPD interval    prior       pstdev

phi_pi_U          1.500       1.7111      1.2975      2.1344     gamm       0.2000
phi_pi_G          1.500       2.0719      1.7041      2.4308     gamm       0.2000
phi_Y_U           0.250       0.5290      0.4194      0.6315     norm       0.1000
phi_Y_G           0.250       0.4660      0.3722      0.5642     norm       0.1000
theta_p_U         0.750       0.7148      0.6536      0.7713     beta       0.1000
theta_W_U         0.750       0.5941      0.4642      0.7270     beta       0.1000
theta_p_G         0.750       0.8185      0.7955      0.8420     beta       0.1000
theta_W_G         0.750       0.5835      0.4380      0.7296     beta       0.1000
rho_m_U           0.750       0.5098      0.4238      0.5946     beta       0.1000
rho_m_G           0.750       0.4948      0.4076      0.5825     beta       0.1000
rho_eps_U         0.750       0.9401      0.9204      0.9606     beta       0.1000
rho_eps_G         0.750       0.9618      0.9479      0.9755     beta       0.1000
rho_uip_G         0.750       0.9778      0.9711      0.9848     beta       0.1000
rho_a_U           0.750       0.8287      0.7715      0.8865     beta       0.1000
rho_a_G           0.750       0.9053      0.8703      0.9417     beta       0.1000

standard deviation of shocks
             prior mean   post. mean        90% HPD interval    prior       pstdev

eps_i_U           0.010       0.0030      0.0025      0.0035     invg       0.0050
eps_i_G           0.010       0.0030      0.0024      0.0035     invg       0.0050
eps_i_R           0.010       0.0071      0.0047      0.0094     invg       0.0050
eps_R             0.010       0.0120      0.0082      0.0157     invg       0.0050
eps_G             0.010       0.0140      0.0117      0.0164     invg       0.0050
eps_a_U           0.010       0.0066      0.0047      0.0085     invg       0.0050
eps_a_G           0.010       0.0064      0.0045      0.0082     invg       0.0050
eps_a_R           0.010       0.0100      0.0050      0.0147     invg       0.0050
eps_uip_G         0.010       0.0033      0.0027      0.0038     invg       0.0050
eps_uip_R         0.010       0.0075      0.0048      0.0100     invg       0.0050
Total computing time : 4h04m18s
