Starting Dynare (version 5.0).
Calling Dynare with arguments: none
Starting preprocessing of the model file ...
Found 105 equation(s).
Evaluating expressions...done
Computing static model derivatives (order 1).
Computing dynamic model derivatives (order 1).
Processing outputs ...
done
Preprocessing completed.

[Warning: Some of the parameters have no value (rho_eps_U, rho_eps_G, rho_eps_R, rho_uip_G, rho_uip_R) when using steady. If these parameters
are not initialized in a steadystate file or a steady_state_model-block, Dynare may not be able to solve the model. Note that simul,
perfect_foresight_setup, and perfect_foresight_solver do not automatically call the steady state file.] 

STEADY-STATE RESULTS:

p_UU         		 0
p_GG         		 0
p_RR         		 0
p_UG         		 0
p_UR         		 0
p_GU         		 0
p_GR         		 0
p_RG         		 0
p_RU         		 0
p_UU_reset   		 0
p_GG_reset   		 0
p_RR_reset   		 0
c_U          		 -0.120511
c_R          		 -0.120511
c_G          		 -0.120511
pi_U         		 0
pi_R         		 0
pi_G         		 0
i_U          		 0.010101
i_R          		 0.010101
i_G          		 0.010101
i_U_G        		 0.010101
i_U_R        		 0.010101
B_U          		 0
B_G          		 0
B_R          		 0
w_U          		 -0.988984
w_G          		 -0.988984
w_R          		 -0.988984
n_U          		 -0.517822
n_G          		 -0.517822
n_R          		 -0.517822
mc_U         		 -0.693147
mc_G         		 -0.693147
mc_R         		 -0.693147
x_U          		 -0.813659
x_G          		 -0.813659
x_R          		 -0.813659
y_U          		 0.284954
y_R          		 0.284954
y_G          		 0.284954
y_UU         		 -0.0717212
y_UG         		 -1.61217
y_UR         		 -1.61217
y_GG         		 -0.0717212
y_GU         		 -1.61217
y_GR         		 -1.61217
y_RR         		 -0.0717212
y_RU         		 -1.61217
y_RG         		 -1.61217
Profit_U     		 0.66485
Profit_G     		 0.66485
Profit_R     		 0.66485
q_G          		 0
q_R          		 0
eps_M_U      		 0
eps_M_G      		 0
eps_M_R      		 0
a_U          		 1
a_G          		 1
a_R          		 1
uip_G        		 0
uip_R        		 0
y_U_UG       		 -1.61217
y_G_UG       		 -1.61217
p_U_UG       		 0
p_G_UG       		 0
p_U_UG_reset 		 0
p_G_UG_reset 		 0
y_U_UR       		 -1.61217
y_R_UR       		 -1.61217
p_U_UR       		 0
p_R_UR       		 0
p_U_UR_reset 		 0
p_R_UR_reset 		 0
y_U_GU       		 -1.61217
y_G_GU       		 -1.61217
p_U_GU       		 0
p_G_GU       		 0
p_U_GU_reset 		 0
p_G_GU_reset 		 0
y_R_GR       		 -1.61217
y_G_GR       		 -1.61217
y_U_GR       		 -1.61217
p_R_GR       		 0
p_G_GR       		 0
p_U_GR       		 0
p_R_GR_reset 		 0
p_G_GR_reset 		 0
p_U_GR_reset 		 0
y_U_RU       		 -1.61217
y_R_RU       		 -1.61217
p_U_RU       		 0
p_R_RU       		 0
p_U_RU_reset 		 0
p_R_RU_reset 		 0
y_R_RG       		 -1.61217
y_G_RG       		 -1.61217
y_U_RG       		 -1.61217
p_R_RG       		 0
p_G_RG       		 0
p_U_RG       		 0
p_R_RG_reset 		 0
p_G_RG_reset 		 0
p_U_RG_reset 		 0
[Warning: Some of the parameters have no value (rho_eps_U, rho_eps_G, rho_eps_R, rho_uip_G, rho_uip_R) when using stoch_simul. If these
parameters are not initialized in a steadystate file or a steady_state_model-block, Dynare may not be able to solve the model. Note that
simul, perfect_foresight_setup, and perfect_foresight_solver do not automatically call the steady state file.] 

MODEL SUMMARY

  Number of variables:         105
  Number of stochastic shocks: 10
  Number of state variables:   38
  Number of jumpers:           28
  Number of static variables:  45


MATRIX OF COVARIANCE OF EXOGENOUS SHOCKS
Variables      eps_i_U    eps_i_G    eps_i_R      eps_R      eps_G    eps_a_U    eps_a_G    eps_a_R  eps_uip_G  eps_uip_R
eps_i_U       0.000000   0.000000   0.000000   0.000000   0.000000   0.000000   0.000000   0.000000   0.000000   0.000000
eps_i_G       0.000000   0.000000   0.000000   0.000000   0.000000   0.000000   0.000000   0.000000   0.000000   0.000000
eps_i_R       0.000000   0.000000   0.000000   0.000000   0.000000   0.000000   0.000000   0.000000   0.000000   0.000000
eps_R         0.000000   0.000000   0.000000   0.000000   0.000000   0.000000   0.000000   0.000000   0.000000   0.000000
eps_G         0.000000   0.000000   0.000000   0.000000   0.000000   0.000000   0.000000   0.000000   0.000000   0.000000
eps_a_U       0.000000   0.000000   0.000000   0.000000   0.000000   0.000000   0.000000   0.000000   0.000000   0.000000
eps_a_G       0.000000   0.000000   0.000000   0.000000   0.000000   0.000000   0.000000   0.000000   0.000000   0.000000
eps_a_R       0.000000   0.000000   0.000000   0.000000   0.000000   0.000000   0.000000   0.000000   0.000000   0.000000
eps_uip_G     0.000000   0.000000   0.000000   0.000000   0.000000   0.000000   0.000000   0.000000   0.000000   0.000000
eps_uip_R     0.000000   0.000000   0.000000   0.000000   0.000000   0.000000   0.000000   0.000000   0.000000   0.000000

POLICY AND TRANSITION FUNCTIONS
                                pi_G            pi_U            pi_R             y_G             y_U             y_R             i_G             i_U             i_R
Constant                           0               0               0        0.284954        0.284954        0.284954        0.010101        0.010101        0.010101
p_UU(-1)                   -0.004475        0.711956       -0.003236        0.107566       -0.722993        0.099402        0.003366        0.488780        0.003785
p_GG(-1)                    0.643553       -0.004584       -0.003533       -0.662507        0.114386        0.099398        0.441258        0.003711        0.003562
p_RR(-1)                   -0.002393       -0.002414        0.572831        0.104835        0.111209       -0.609003        0.004758        0.005140        0.391561
i_U(-1)                     0.003442       -0.020860        0.003692       -0.062876       -0.319280       -0.051646       -0.001348        0.464400       -0.000459
i_R(-1)                     0.014028        0.012710       -0.014536       -0.053518       -0.057602       -0.339272        0.007176        0.005932        0.467893
i_G(-1)                    -0.018851        0.007327        0.009032       -0.325299       -0.065357       -0.050205        0.465531        0.001410        0.003636
B_G(-1)                     0.001657       -0.001070       -0.000748       -0.006611        0.005064        0.001638        0.000829       -0.000486       -0.000459
B_R(-1)                    -0.000846       -0.001202        0.001570        0.001607        0.004951       -0.006351       -0.000534       -0.000592        0.000780
eps_M_U(-1)                -0.009727        0.051925       -0.010537        0.109630        0.620212        0.086851       -0.000444       -0.422293       -0.002475
eps_M_G(-1)                 0.048842       -0.018658       -0.023732        0.630266        0.115061        0.086425       -0.423977       -0.006802       -0.012397
eps_M_R(-1)                -0.034096       -0.030266        0.040774        0.093162        0.099608        0.657967       -0.019749       -0.016474       -0.428297
a_U(-1)                    -0.009590       -0.039223       -0.011533       -0.045907       -0.152496       -0.044804       -0.010062       -0.038948       -0.011450
a_G(-1)                    -0.089631       -0.012594       -0.019151       -0.088078       -0.054710       -0.052030       -0.072728       -0.012865       -0.017615
a_R(-1)                    -0.023246       -0.019052       -0.145482       -0.067601       -0.068711       -0.010016       -0.021660       -0.018584       -0.109737
uip_G(-1)                   0.018556       -0.007867       -0.009540        0.042508       -0.013366       -0.029952        0.016574       -0.006736       -0.009027
uip_R(-1)                  -0.014756       -0.013546        0.013666       -0.026573       -0.021538        0.057655       -0.012728       -0.011505        0.013853
p_G_UG(-1)                  0.158443        0.009067        0.001687        0.089431       -0.236765        0.020521        0.124422       -0.007997        0.002548
p_R_UR(-1)                  0.003103        0.010833        0.175161        0.026082       -0.232812        0.064591        0.003957       -0.006426        0.135408
p_U_GU(-1)                  0.004071        0.122638       -0.001875       -0.222611        0.114863        0.020831       -0.010860        0.099158       -0.000104
p_R_GR(-1)                  0.006206        0.000070        0.143681       -0.219182        0.027583        0.085341       -0.009045        0.001777        0.113095
p_U_RU(-1)                 -0.001767        0.104332        0.001875        0.019568        0.107295       -0.198233       -0.000103        0.084955       -0.010983
p_G_RG(-1)                  0.110629       -0.001194        0.002469        0.098903        0.021493       -0.197589        0.089153        0.000448       -0.010498
w_U(-1)                     0.007334        0.029783        0.008775        0.001163        0.021916        0.000530        0.005573        0.023707        0.006614
w_G(-1)                     0.059099        0.007701        0.012926       -0.013775        0.002851        0.002361        0.043463        0.005954        0.009842
w_R(-1)                     0.014127        0.010575        0.086523        0.007987        0.007617       -0.049837        0.011095        0.008408        0.061777
eps_i_U                    -0.019455        0.103851       -0.021074        0.219259        1.240424        0.173702       -0.000887       -0.844586       -0.004949
eps_i_G                     0.097685       -0.037316       -0.047464        1.260532        0.230123        0.172851       -0.847953       -0.013604       -0.024795
eps_i_R                    -0.068192       -0.060532        0.081547        0.186323        0.199216        1.315934       -0.039499       -0.032948       -0.856594
eps_R                      -0.009805       -0.009270        0.007579       -0.021047       -0.016389        0.045065       -0.008669       -0.007977        0.008501
eps_G                       0.011739       -0.004831       -0.005530        0.032315       -0.009361       -0.023881        0.010824       -0.004209       -0.005640
eps_a_U                    -0.011988       -0.049029       -0.014416       -0.057384       -0.190620       -0.056005       -0.012577       -0.048685       -0.014312
eps_a_G                    -0.112038       -0.015742       -0.023939       -0.110097       -0.068388       -0.065038       -0.090910       -0.016081       -0.022019
eps_a_R                    -0.029058       -0.023815       -0.181852       -0.084501       -0.085889       -0.012521       -0.027075       -0.023229       -0.137172
eps_uip_G                   0.037113       -0.015735       -0.019080        0.085015       -0.026732       -0.059905        0.033148       -0.013472       -0.018054
eps_uip_R                  -0.029512       -0.027092        0.027332       -0.053146       -0.043075        0.115309       -0.025455       -0.023011        0.027706


MOMENTS OF SIMULATED VARIABLES
VARIABLE              MEAN       STD. DEV.        VARIANCE        SKEWNESS        KURTOSIS
pi_G              0.000000        0.000000        0.000000             NaN             NaN
pi_U              0.000000        0.000000        0.000000             NaN             NaN
pi_R              0.000000        0.000000        0.000000             NaN             NaN
y_G               0.284954        0.000000        0.000000             NaN             NaN
y_U               0.284954        0.000000        0.000000             NaN             NaN
y_R               0.284954        0.000000        0.000000             NaN             NaN
i_G               0.010101        0.000000        0.000000             NaN             NaN
i_U               0.010101        0.000000        0.000000             NaN             NaN
i_R               0.010101        0.000000        0.000000             NaN             NaN


CORRELATION OF SIMULATED VARIABLES
VARIABLE      pi_G    pi_U    pi_R     y_G     y_U     y_R     i_G     i_U     i_R
pi_G           NaN     NaN     NaN     NaN     NaN     NaN     NaN     NaN     NaN
pi_U           NaN     NaN     NaN     NaN     NaN     NaN     NaN     NaN     NaN
pi_R           NaN     NaN     NaN     NaN     NaN     NaN     NaN     NaN     NaN
y_G            NaN     NaN     NaN     NaN     NaN     NaN     NaN     NaN     NaN
y_U            NaN     NaN     NaN     NaN     NaN     NaN     NaN     NaN     NaN
y_R            NaN     NaN     NaN     NaN     NaN     NaN     NaN     NaN     NaN
i_G            NaN     NaN     NaN     NaN     NaN     NaN     NaN     NaN     NaN
i_U            NaN     NaN     NaN     NaN     NaN     NaN     NaN     NaN     NaN
i_R            NaN     NaN     NaN     NaN     NaN     NaN     NaN     NaN     NaN


AUTOCORRELATION OF SIMULATED VARIABLES
VARIABLE         1       2       3       4       5
pi_G           NaN     NaN     NaN     NaN     NaN
pi_U           NaN     NaN     NaN     NaN     NaN
pi_R           NaN     NaN     NaN     NaN     NaN
y_G            NaN     NaN     NaN     NaN     NaN
y_U            NaN     NaN     NaN     NaN     NaN
y_R            NaN     NaN     NaN     NaN     NaN
i_G            NaN     NaN     NaN     NaN     NaN
i_U            NaN     NaN     NaN     NaN     NaN
i_R            NaN     NaN     NaN     NaN     NaN



VARIANCE DECOMPOSITION SIMULATING ONE SHOCK AT A TIME (in percent)
                 eps_i_U           eps_i_G           eps_i_R             eps_R             eps_G           eps_a_U           eps_a_G           eps_a_R         eps_uip_G         eps_uip_R  Tot. lin. contr.
pi_G                 NaN               NaN               NaN               NaN               NaN               NaN               NaN               NaN               NaN               NaN               NaN
pi_U                 NaN               NaN               NaN               NaN               NaN               NaN               NaN               NaN               NaN               NaN               NaN
pi_R                 NaN               NaN               NaN               NaN               NaN               NaN               NaN               NaN               NaN               NaN               NaN
y_G                  NaN               NaN               NaN               NaN               NaN               NaN               NaN               NaN               NaN               NaN               NaN
y_U                  NaN               NaN               NaN               NaN               NaN               NaN               NaN               NaN               NaN               NaN               NaN
y_R                  NaN               NaN               NaN               NaN               NaN               NaN               NaN               NaN               NaN               NaN               NaN
i_G                  NaN               NaN               NaN               NaN               NaN               NaN               NaN               NaN               NaN               NaN               NaN
i_U                  NaN               NaN               NaN               NaN               NaN               NaN               NaN               NaN               NaN               NaN               NaN
i_R                  NaN               NaN               NaN               NaN               NaN               NaN               NaN               NaN               NaN               NaN               NaN
Note: numbers do not add up to 100 due to non-zero correlation of simulated shocks in small samples

Total computing time : 0h00m00s
Note: warning(s) encountered in MATLAB/Octave code
