Starting Dynare (version 5.0).
Calling Dynare with arguments: none
Starting preprocessing of the model file ...
Found 105 equation(s).
Evaluating expressions...done
Computing static model derivatives (order 1).
Computing dynamic model derivatives (order 1).
Processing outputs ...
done
Preprocessing completed.

[Warning: Some of the parameters have no value (rho_eps_U, rho_eps_G, rho_eps_R, rho_uip_G, rho_uip_R) when using steady. If these parameters
are not initialized in a steadystate file or a steady_state_model-block, Dynare may not be able to solve the model. Note that simul,
perfect_foresight_setup, and perfect_foresight_solver do not automatically call the steady state file.] 

STEADY-STATE RESULTS:

p_UU         		 0
p_GG         		 0
p_RR         		 0
p_UG         		 0
p_UR         		 0
p_GU         		 0
p_GR         		 0
p_RG         		 0
p_RU         		 0
p_UU_reset   		 0
p_GG_reset   		 0
p_RR_reset   		 0
c_U          		 -0.120511
c_R          		 -0.120511
c_G          		 -0.120511
pi_U         		 0
pi_R         		 0
pi_G         		 0
i_U          		 0.010101
i_R          		 0.010101
i_G          		 0.010101
i_U_G        		 0.010101
i_U_R        		 0.010101
B_U          		 0
B_G          		 0
B_R          		 0
w_U          		 -0.988984
w_G          		 -0.988984
w_R          		 -0.988984
n_U          		 -0.517822
n_G          		 -0.517822
n_R          		 -0.517822
mc_U         		 -0.693147
mc_G         		 -0.693147
mc_R         		 -0.693147
x_U          		 -0.813659
x_G          		 -0.813659
x_R          		 -0.813659
y_U          		 0.284954
y_R          		 0.284954
y_G          		 0.284954
y_UU         		 -0.408193
y_UG         		 -1.10134
y_UR         		 -1.10134
y_GG         		 -0.408193
y_GU         		 -1.10134
y_GR         		 -1.10134
y_RR         		 -0.408193
y_RU         		 -1.10134
y_RG         		 -1.10134
Profit_U     		 0.66485
Profit_G     		 0.66485
Profit_R     		 0.66485
q_G          		 0
q_R          		 0
eps_M_U      		 0
eps_M_G      		 0
eps_M_R      		 0
a_U          		 1
a_G          		 1
a_R          		 1
uip_G        		 0
uip_R        		 0
y_U_UG       		 -1.10134
y_G_UG       		 -1.10134
p_U_UG       		 0
p_G_UG       		 0
p_U_UG_reset 		 0
p_G_UG_reset 		 0
y_U_UR       		 -1.10134
y_R_UR       		 -1.10134
p_U_UR       		 0
p_R_UR       		 0
p_U_UR_reset 		 0
p_R_UR_reset 		 0
y_U_GU       		 -1.10134
y_G_GU       		 -1.10134
p_U_GU       		 0
p_G_GU       		 0
p_U_GU_reset 		 0
p_G_GU_reset 		 0
y_R_GR       		 -1.10134
y_G_GR       		 -1.10134
y_U_GR       		 -1.10134
p_R_GR       		 0
p_G_GR       		 0
p_U_GR       		 0
p_R_GR_reset 		 0
p_G_GR_reset 		 0
p_U_GR_reset 		 0
y_U_RU       		 -1.10134
y_R_RU       		 -1.10134
p_U_RU       		 0
p_R_RU       		 0
p_U_RU_reset 		 0
p_R_RU_reset 		 0
y_R_RG       		 -1.10134
y_G_RG       		 -1.10134
y_U_RG       		 -1.10134
p_R_RG       		 0
p_G_RG       		 0
p_U_RG       		 0
p_R_RG_reset 		 0
p_G_RG_reset 		 0
p_U_RG_reset 		 0
[Warning: Some of the parameters have no value (rho_eps_U, rho_eps_G, rho_eps_R, rho_uip_G, rho_uip_R) when using stoch_simul. If these
parameters are not initialized in a steadystate file or a steady_state_model-block, Dynare may not be able to solve the model. Note that
simul, perfect_foresight_setup, and perfect_foresight_solver do not automatically call the steady state file.] 

MODEL SUMMARY

  Number of variables:         105
  Number of stochastic shocks: 10
  Number of state variables:   38
  Number of jumpers:           28
  Number of static variables:  45


MATRIX OF COVARIANCE OF EXOGENOUS SHOCKS
Variables      eps_i_U    eps_i_G    eps_i_R      eps_R      eps_G    eps_a_U    eps_a_G    eps_a_R  eps_uip_G  eps_uip_R
eps_i_U       0.000000   0.000000   0.000000   0.000000   0.000000   0.000000   0.000000   0.000000   0.000000   0.000000
eps_i_G       0.000000   0.000000   0.000000   0.000000   0.000000   0.000000   0.000000   0.000000   0.000000   0.000000
eps_i_R       0.000000   0.000000   0.000000   0.000000   0.000000   0.000000   0.000000   0.000000   0.000000   0.000000
eps_R         0.000000   0.000000   0.000000   0.000000   0.000000   0.000000   0.000000   0.000000   0.000000   0.000000
eps_G         0.000000   0.000000   0.000000   0.000000   0.000000   0.000000   0.000000   0.000000   0.000000   0.000000
eps_a_U       0.000000   0.000000   0.000000   0.000000   0.000000   0.000000   0.000000   0.000000   0.000000   0.000000
eps_a_G       0.000000   0.000000   0.000000   0.000000   0.000000   0.000000   0.000000   0.000000   0.000000   0.000000
eps_a_R       0.000000   0.000000   0.000000   0.000000   0.000000   0.000000   0.000000   0.000000   0.000000   0.000000
eps_uip_G     0.000000   0.000000   0.000000   0.000000   0.000000   0.000000   0.000000   0.000000   0.000000   0.000000
eps_uip_R     0.000000   0.000000   0.000000   0.000000   0.000000   0.000000   0.000000   0.000000   0.000000   0.000000

POLICY AND TRANSITION FUNCTIONS
                                pi_G            pi_U            pi_R             y_G             y_U             y_R             i_G             i_U             i_R
Constant                           0               0               0        0.284954        0.284954        0.284954        0.010101        0.010101        0.010101
p_UU(-1)                    0.009753        0.407617        0.009076        0.323125       -0.914324        0.309630        0.027510        0.248568        0.026159
p_GG(-1)                    0.402139        0.035144        0.040055       -0.776533        0.238605        0.196801        0.253071        0.041271        0.042342
p_RR(-1)                    0.035602        0.030372        0.366938        0.176287        0.201726       -0.683959        0.037720        0.035387        0.232456
i_U(-1)                     0.146069       -0.260267        0.154622        0.194739       -0.837731        0.168822        0.121723        0.252442        0.126518
i_R(-1)                     0.131555        0.124402       -0.306365        0.166827        0.191779       -0.763133        0.109093        0.105288        0.222531
i_G(-1)                    -0.279043        0.134873        0.150003       -0.803119        0.203643        0.153320        0.240523        0.113883        0.122085
B_G(-1)                     0.002262       -0.001375       -0.001222        0.000303        0.000549        0.000209        0.001715       -0.000997       -0.000903
B_R(-1)                    -0.001046       -0.001281        0.002556        0.000040        0.000516       -0.000148       -0.000782       -0.000929        0.001908
eps_M_U(-1)                -0.236153        0.404344       -0.254535       -0.235236        1.327327       -0.185014       -0.191817       -0.113784       -0.202465
eps_M_G(-1)                 0.447152       -0.210547       -0.244692        1.251002       -0.255520       -0.154510       -0.086448       -0.173880       -0.193176
eps_M_R(-1)                -0.205848       -0.190196        0.505484       -0.183240       -0.236680        1.170299       -0.165838       -0.157439       -0.047744
a_U(-1)                    -0.013473       -0.029985       -0.015094       -0.083631       -0.083027       -0.080186       -0.015332       -0.027678       -0.016332
a_G(-1)                    -0.074858       -0.023091       -0.029155       -0.016455       -0.094419       -0.077910       -0.057172       -0.023220       -0.026736
a_R(-1)                    -0.039450       -0.035256       -0.122564       -0.092370       -0.108321        0.066755       -0.035361       -0.033212       -0.087751
uip_G(-1)                   0.282142       -0.137211       -0.152151        0.607534       -0.327395       -0.275823        0.249577       -0.123370       -0.131352
uip_R(-1)                  -0.133399       -0.126620        0.309678       -0.289561       -0.315301        0.567286       -0.118147       -0.114671        0.267714
p_U_UG(-1)                  0.167612        0.088123        0.030816       -0.149924       -0.172525        0.102604        0.116339        0.055310        0.029525
p_U_UR(-1)                  0.032344        0.089834        0.181481        0.103738       -0.170192       -0.172036        0.030741        0.056738        0.125359
p_G_GU(-1)                  0.055252        0.133478        0.004037       -0.182018       -0.071647        0.125417        0.030063        0.095631        0.010866
p_G_GR(-1)                  0.073592        0.019224        0.161597       -0.210236        0.122212       -0.097043        0.042054        0.022056        0.115133
p_R_RU(-1)                  0.004535        0.122662        0.044793        0.103069       -0.032126       -0.186094        0.009843        0.089988        0.021964
p_R_RG(-1)                  0.133979        0.013727        0.055429       -0.037832        0.098078       -0.201891        0.098119        0.016425        0.028954
w_U(-1)                     0.009394        0.024025        0.010560        0.015170        0.000446        0.013034        0.007994        0.018046        0.008734
w_G(-1)                     0.050452        0.014464        0.019316       -0.035891        0.016294        0.004804        0.035596        0.011867        0.014787
w_R(-1)                     0.023217        0.019842        0.073293        0.008716        0.019990       -0.072754        0.017957        0.016131        0.050422
eps_i_U                    -0.472305        0.808687       -0.509070       -0.470471        2.654654       -0.370027       -0.383633       -0.227569       -0.404929
eps_i_G                     0.894304       -0.421093       -0.489383        2.502004       -0.511039       -0.309019       -0.172897       -0.347760       -0.386351
eps_i_R                    -0.411695       -0.380392        1.010967       -0.366481       -0.473361        2.340599       -0.331677       -0.314879       -0.095487
eps_R                      -0.170887       -0.165460        0.376931       -0.402382       -0.423046        0.796066       -0.153314       -0.150535        0.332453
eps_G                       0.354554       -0.175254       -0.186301        0.831626       -0.436378       -0.390949        0.317892       -0.158714       -0.164160
eps_a_U                    -0.016841       -0.037481       -0.018867       -0.104538       -0.103784       -0.100232       -0.019164       -0.034597       -0.020415
eps_a_G                    -0.093573       -0.028864       -0.036444       -0.020569       -0.118023       -0.097387       -0.071465       -0.029025       -0.033420
eps_a_R                    -0.049313       -0.044070       -0.153205       -0.115463       -0.135402        0.083443       -0.044201       -0.041515       -0.109688
eps_uip_G                   0.564284       -0.274422       -0.304302        1.215069       -0.654789       -0.551646        0.499155       -0.246740       -0.262705
eps_uip_R                  -0.266798       -0.253239        0.619356       -0.579121       -0.630602        1.134572       -0.236293       -0.229342        0.535428


MOMENTS OF SIMULATED VARIABLES
VARIABLE              MEAN       STD. DEV.        VARIANCE        SKEWNESS        KURTOSIS
pi_G              0.000000        0.000000        0.000000             NaN             NaN
pi_U              0.000000        0.000000        0.000000             NaN             NaN
pi_R              0.000000        0.000000        0.000000             NaN             NaN
y_G               0.284954        0.000000        0.000000             NaN             NaN
y_U               0.284954        0.000000        0.000000             NaN             NaN
y_R               0.284954        0.000000        0.000000             NaN             NaN
i_G               0.010101        0.000000        0.000000             NaN             NaN
i_U               0.010101        0.000000        0.000000             NaN             NaN
i_R               0.010101        0.000000        0.000000             NaN             NaN


CORRELATION OF SIMULATED VARIABLES
VARIABLE      pi_G    pi_U    pi_R     y_G     y_U     y_R     i_G     i_U     i_R
pi_G           NaN     NaN     NaN     NaN     NaN     NaN     NaN     NaN     NaN
pi_U           NaN     NaN     NaN     NaN     NaN     NaN     NaN     NaN     NaN
pi_R           NaN     NaN     NaN     NaN     NaN     NaN     NaN     NaN     NaN
y_G            NaN     NaN     NaN     NaN     NaN     NaN     NaN     NaN     NaN
y_U            NaN     NaN     NaN     NaN     NaN     NaN     NaN     NaN     NaN
y_R            NaN     NaN     NaN     NaN     NaN     NaN     NaN     NaN     NaN
i_G            NaN     NaN     NaN     NaN     NaN     NaN     NaN     NaN     NaN
i_U            NaN     NaN     NaN     NaN     NaN     NaN     NaN     NaN     NaN
i_R            NaN     NaN     NaN     NaN     NaN     NaN     NaN     NaN     NaN


AUTOCORRELATION OF SIMULATED VARIABLES
VARIABLE         1       2       3       4       5
pi_G           NaN     NaN     NaN     NaN     NaN
pi_U           NaN     NaN     NaN     NaN     NaN
pi_R           NaN     NaN     NaN     NaN     NaN
y_G            NaN     NaN     NaN     NaN     NaN
y_U            NaN     NaN     NaN     NaN     NaN
y_R            NaN     NaN     NaN     NaN     NaN
i_G            NaN     NaN     NaN     NaN     NaN
i_U            NaN     NaN     NaN     NaN     NaN
i_R            NaN     NaN     NaN     NaN     NaN



VARIANCE DECOMPOSITION SIMULATING ONE SHOCK AT A TIME (in percent)
                 eps_i_U           eps_i_G           eps_i_R             eps_R             eps_G           eps_a_U           eps_a_G           eps_a_R         eps_uip_G         eps_uip_R  Tot. lin. contr.
pi_G                 NaN               NaN               NaN               NaN               NaN               NaN               NaN               NaN               NaN               NaN               NaN
pi_U                 NaN               NaN               NaN               NaN               NaN               NaN               NaN               NaN               NaN               NaN               NaN
pi_R                 NaN               NaN               NaN               NaN               NaN               NaN               NaN               NaN               NaN               NaN               NaN
y_G                  NaN               NaN               NaN               NaN               NaN               NaN               NaN               NaN               NaN               NaN               NaN
y_U                  NaN               NaN               NaN               NaN               NaN               NaN               NaN               NaN               NaN               NaN               NaN
y_R                  NaN               NaN               NaN               NaN               NaN               NaN               NaN               NaN               NaN               NaN               NaN
i_G                  NaN               NaN               NaN               NaN               NaN               NaN               NaN               NaN               NaN               NaN               NaN
i_U                  NaN               NaN               NaN               NaN               NaN               NaN               NaN               NaN               NaN               NaN               NaN
i_R                  NaN               NaN               NaN               NaN               NaN               NaN               NaN               NaN               NaN               NaN               NaN
Note: numbers do not add up to 100 due to non-zero correlation of simulated shocks in small samples

Total computing time : 0h00m00s
Note: warning(s) encountered in MATLAB/Octave code
