Starting Dynare (version 5.0).
Calling Dynare with arguments: none
Starting preprocessing of the model file ...
Found 114 equation(s).
Evaluating expressions...done
Computing static model derivatives (order 1).
Computing dynamic model derivatives (order 2).
Processing outputs ...
done
Preprocessing completed.


STEADY-STATE RESULTS:

p_UU         		 0
p_GG         		 0
p_RR         		 0
p_UG         		 0
p_UR         		 0
p_GU         		 0
p_GR         		 0
p_RG         		 0
p_RU         		 0
p_UU_reset   		 0
p_GG_reset   		 0
p_RR_reset   		 0
c_U          		 -0.120511
c_R          		 -0.120511
c_G          		 -0.120511
pi_U         		 0
pi_R         		 0
pi_G         		 0
i_U          		 0.010101
i_R          		 0.010101
i_G          		 0.010101
i_U_G        		 0.010101
i_U_R        		 0.010101
B_U          		 0
B_G          		 0
B_R          		 0
w_U          		 -0.988984
w_G          		 -0.988984
w_R          		 -0.988984
n_U          		 -0.517822
n_G          		 -0.517822
n_R          		 -0.517822
mc_U         		 -0.693147
mc_G         		 -0.693147
mc_R         		 -0.693147
x_U          		 -0.813659
x_G          		 -0.813659
x_R          		 -0.813659
y_U          		 0.284954
y_R          		 0.284954
y_G          		 0.284954
y_UU         		 -0.408193
y_UG         		 -1.10134
y_UR         		 -1.10134
y_GG         		 -0.408193
y_GU         		 -1.10134
y_GR         		 -1.10134
y_RR         		 -0.408193
y_RU         		 -1.10134
y_RG         		 -1.10134
Profit_U     		 0.66485
Profit_G     		 0.66485
Profit_R     		 0.66485
q_G          		 0
q_R          		 0
eps_M_U      		 0
eps_M_G      		 0
eps_M_R      		 0
a_U          		 1
a_G          		 1
a_R          		 1
uip_G        		 0
uip_R        		 0
y_U_UG       		 -1.10134
y_G_UG       		 -1.10134
p_U_UG       		 0
p_G_UG       		 0
p_U_UG_reset 		 0
p_G_UG_reset 		 0
y_U_UR       		 -1.10134
y_R_UR       		 -1.10134
p_U_UR       		 0
p_R_UR       		 0
p_U_UR_reset 		 0
p_R_UR_reset 		 0
y_U_GU       		 -1.10134
y_G_GU       		 -1.10134
p_U_GU       		 0
p_G_GU       		 0
p_U_GU_reset 		 0
p_G_GU_reset 		 0
y_R_GR       		 -1.10134
y_G_GR       		 -1.10134
y_U_GR       		 -1.10134
p_R_GR       		 0
p_G_GR       		 0
p_U_GR       		 0
p_R_GR_reset 		 0
p_G_GR_reset 		 0
p_U_GR_reset 		 0
y_U_RU       		 -1.10134
y_R_RU       		 -1.10134
p_U_RU       		 0
p_R_RU       		 0
p_U_RU_reset 		 0
p_R_RU_reset 		 0
y_R_RG       		 -1.10134
y_G_RG       		 -1.10134
y_U_RG       		 -1.10134
p_R_RG       		 0
p_G_RG       		 0
p_U_RG       		 0
p_R_RG_reset 		 0
p_G_RG_reset 		 0
p_U_RG_reset 		 0
d_y_U        		 0
d_i_U        		 0
d_pi_U       		 0
d_w_U        		 0
d_y_G        		 0
d_i_G        		 0
d_pi_G       		 0
d_w_G        		 0
d_q_G        		 0

You did not declare endogenous variables after the estimation/calib_smoother command.
Initial value of the log posterior (or likelihood): 1797.4347
                                            First-order      Norm of
 Iter F-count            f(x)  Feasibility   optimality         step
    0      26   -1.797435e+03    0.000e+00    1.130e+05
    1      56   -1.974592e+03    0.000e+00    6.803e+04    1.239e+00
    2      84   -2.149320e+03    0.000e+00    1.692e+04    1.087e+00
Objective function returned Inf; trying a new point...
    3     112   -2.180087e+03    0.000e+00    1.518e+04    5.290e-01
    4     139   -2.204533e+03    0.000e+00    1.187e+04    2.280e-01
Objective function returned Inf; trying a new point...
    5     168   -2.208423e+03    0.000e+00    1.176e+04    1.353e-01
    6     196   -2.209634e+03    0.000e+00    8.223e+03    1.125e-01
    7     224   -2.220355e+03    0.000e+00    5.704e+03    1.595e-01
    8     251   -2.248615e+03    0.000e+00    9.346e+03    3.112e-01
    9     279   -2.256432e+03    0.000e+00    7.096e+03    8.319e-02
   10     306   -2.259597e+03    0.000e+00    6.099e+03    6.117e-02
   11     334   -2.265746e+03    0.000e+00    9.352e+03    5.579e-02
   12     363   -2.270974e+03    0.000e+00    1.027e+04    5.207e-02
   13     392   -2.271975e+03    0.000e+00    1.011e+04    1.744e-02
   14     419   -2.275486e+03    0.000e+00    3.366e+03    2.588e-01
   15     451   -2.295330e+03    0.000e+00    2.088e+03    2.841e-01
   16     479   -2.297104e+03    0.000e+00    9.723e+03    6.912e-02
Objective function returned Inf; trying a new point...
   17     510   -2.304266e+03    0.000e+00    4.598e+03    1.227e-01
   18     539   -2.305168e+03    0.000e+00    4.776e+03    1.096e-01
   19     568   -2.306261e+03    0.000e+00    2.313e+03    2.826e-01
Objective function returned Inf; trying a new point...
   20     599   -2.313458e+03    0.000e+00    1.572e+03    1.928e-01
Objective function returned Inf; trying a new point...
   21     631   -2.313662e+03    0.000e+00    1.297e+04    9.656e-02
   22     659   -2.314445e+03    0.000e+00    1.640e+04    7.897e-02
   23     687   -2.316051e+03    0.000e+00    9.118e+03    1.298e-01
Objective function returned Inf; trying a new point...
   24     719   -2.322296e+03    0.000e+00    1.019e+03    9.859e-02
   25     747   -2.322396e+03    0.000e+00    1.993e+03    1.521e-01
   26     778   -2.325503e+03    0.000e+00    1.221e+03    1.109e-01
   27     806   -2.325709e+03    0.000e+00    1.416e+03    7.408e-02
Objective function returned Inf; trying a new point...
   28     836   -2.327842e+03    0.000e+00    3.720e+03    1.058e-01
   29     868   -2.330675e+03    0.000e+00    2.589e+03    4.079e-02
   30     897   -2.330938e+03    0.000e+00    2.410e+03    4.436e-02
Objective function returned Inf; trying a new point...

                                            First-order      Norm of
 Iter F-count            f(x)  Feasibility   optimality         step
   31     928   -2.331749e+03    0.000e+00    5.905e+02    2.575e-02
   32     955   -2.331838e+03    0.000e+00    1.306e+03    6.620e-02
   33     984   -2.331939e+03    0.000e+00    1.554e+03    6.178e-02
   34    1015   -2.332064e+03    0.000e+00    2.083e+03    4.657e-02
   35    1042   -2.332062e+03    0.000e+00    2.546e+03    5.214e-02
   36    1070   -2.332311e+03    0.000e+00    2.075e+03    7.400e-02
   37    1103   -2.333497e+03    0.000e+00    7.909e+02    2.247e-02
   38    1130   -2.333547e+03    0.000e+00    1.611e+03    2.186e-02
   39    1161   -2.334153e+03    0.000e+00    2.509e+02    4.928e-02
   40    1189   -2.334205e+03    0.000e+00    6.785e+02    5.245e-02
   41    1218   -2.334394e+03    0.000e+00    2.054e+03    7.294e-02
   42    1250   -2.334823e+03    0.000e+00    1.505e+02    4.194e-02
   43    1279   -2.334819e+03    0.000e+00    4.517e+02    1.495e-02
   44    1310   -2.334874e+03    0.000e+00    1.224e+03    2.658e-02
   45    1337   -2.334893e+03    0.000e+00    1.232e+03    2.005e-02
   46    1368   -2.334950e+03    0.000e+00    1.494e+02    1.923e-02
   47    1396   -2.334964e+03    0.000e+00    1.369e+02    5.910e-03
   48    1427   -2.335010e+03    0.000e+00    4.073e+02    1.383e-02
   49    1454   -2.335034e+03    0.000e+00    4.665e+02    1.376e-02
   50    1484   -2.335081e+03    0.000e+00    3.821e+02    2.486e-02
   51    1513   -2.335087e+03    0.000e+00    2.170e+02    7.844e-03
   52    1544   -2.335085e+03    0.000e+00    3.714e+01    1.449e-02
   53    1577   -2.335092e+03    0.000e+00    5.481e+01    2.258e-02
   54    1606   -2.335095e+03    0.000e+00    6.164e+01    6.548e-03
   55    1636   -2.335096e+03    0.000e+00    5.583e+02    1.943e-02
   56    1664   -2.335098e+03    0.000e+00    4.485e+02    2.717e-03
   57    1690   -2.335106e+03    0.000e+00    2.452e+02    8.694e-03
   58    1716   -2.335117e+03    0.000e+00    9.178e+01    1.290e-02
   59    1742   -2.335119e+03    0.000e+00    9.755e+01    8.032e-03
   60    1768   -2.335120e+03    0.000e+00    1.488e+01    2.596e-03

                                            First-order      Norm of
 Iter F-count            f(x)  Feasibility   optimality         step
   61    1794   -2.335120e+03    0.000e+00    1.983e+01    2.309e-03
   62    1820   -2.335120e+03    0.000e+00    5.551e+00    6.183e-04
   63    1847   -2.335120e+03    0.000e+00    3.148e+00    3.462e-04
   64    1873   -2.335120e+03    0.000e+00    4.407e+00    3.776e-04
   65    1899   -2.335120e+03    0.000e+00    1.295e+00    2.101e-04
   66    1926   -2.335120e+03    0.000e+00    3.501e+00    2.862e-04
   67    1953   -2.335120e+03    0.000e+00    4.826e+00    2.603e-04
   68    1980   -2.335120e+03    0.000e+00    4.172e+00    2.344e-04
   69    2006   -2.335120e+03    0.000e+00    1.217e+00    2.781e-04
   70    2034   -2.335120e+03    0.000e+00    2.962e+00    7.220e-05
   71    2063   -2.335120e+03    0.000e+00    3.308e+00    5.051e-05
   72    2091   -2.335120e+03    0.000e+00    2.855e+00    5.726e-05
   73    2123   -2.335120e+03    0.000e+00    4.782e-02    4.912e-05
   74    2149   -2.335120e+03    0.000e+00    3.925e+00    3.645e-04
   75    2175   -2.335120e+03    0.000e+00    7.274e+00    5.039e-04
   76    2201   -2.335120e+03    0.000e+00    2.551e+00    2.965e-04
   77    2227   -2.335120e+03    0.000e+00    2.734e+00    1.662e-04
   78    2255   -2.335120e+03    0.000e+00    1.222e+00    1.232e-04
   79    2283   -2.335120e+03    0.000e+00    1.006e+00    6.512e-05
   80    2309   -2.335120e+03    0.000e+00    3.465e+00    1.697e-04
   81    2336   -2.335120e+03    0.000e+00    5.346e+00    1.430e-04
   82    2362   -2.335120e+03    0.000e+00    1.402e+00    1.368e-04
   83    2391   -2.335120e+03    0.000e+00    1.023e+00    3.208e-05
   84    2418   -2.335120e+03    0.000e+00    4.759e-01    7.089e-05
   85    2452   -2.335120e+03    0.000e+00    6.680e-02    2.318e-05
   86    2479   -2.335120e+03    0.000e+00    1.989e-01    1.304e-05
   87    2508   -2.335120e+03    0.000e+00    1.429e+00    7.893e-05
   88    2537   -2.335120e+03    0.000e+00    1.338e+00    8.531e-06
   89    2567   -2.335120e+03    0.000e+00    2.057e-02    3.518e-05
   90    2598   -2.335120e+03    0.000e+00    2.155e-02    2.117e-05

                                            First-order      Norm of
 Iter F-count            f(x)  Feasibility   optimality         step
   91    2629   -2.335120e+03    0.000e+00    4.855e-02    1.065e-05
   92    2656   -2.335120e+03    0.000e+00    1.286e-01    2.551e-06
   93    2685   -2.335120e+03    0.000e+00    1.420e-01    1.011e-05
   94    2713   -2.335120e+03    0.000e+00    5.653e-01    5.659e-05
   95    2746   -2.335120e+03    0.000e+00    5.475e-02    2.580e-05
   96    2776   -2.335120e+03    0.000e+00    5.472e-02    3.391e-05
   97    2804   -2.335120e+03    0.000e+00    5.010e-01    1.026e-05
   98    2831   -2.335120e+03    0.000e+00    4.181e-01    1.924e-05
   99    2863   -2.335120e+03    0.000e+00    6.778e-02    1.964e-05
  100    2890   -2.335120e+03    0.000e+00    5.824e-01    8.081e-06
  101    2921   -2.335120e+03    0.000e+00    3.247e-02    2.031e-05
  102    2948   -2.335120e+03    0.000e+00    6.322e-01    1.167e-05
  103    2974   -2.335120e+03    0.000e+00    2.092e-01    5.465e-06
  104    3002   -2.335120e+03    0.000e+00    4.725e-01    8.867e-06
  105    3029   -2.335120e+03    0.000e+00    7.231e-01    8.483e-06
  106    3056   -2.335120e+03    0.000e+00    3.798e-01    1.653e-05
  107    3083   -2.335120e+03    0.000e+00    2.650e-01    5.212e-06
  108    3110   -2.335120e+03    0.000e+00    2.992e-01    3.326e-06

<a href = "matlab: helpview('optim','feasible_better_objective','CSHelpWindow');">Feasible point with lower objective function value found</a>.


<a href = "matlab: helpview('optim','local_min_poss_with_constr','CSHelpWindow');">Local minimum possible. Constraints satisfied</a>.

fmincon stopped because the <a href = "matlab: helpview('optim','norm_curr_step_simple_fminconip','CSHelpWindow');">size of the current step</a> is less than
the value of the <a href = "matlab: helpview('optim','step_size_tol','CSHelpWindow');">step size tolerance</a> and constraints are 
satisfied to within the value of the <a href = "matlab: helpview('optim','constraint_tolerance','CSHelpWindow');">constraint tolerance</a>.

<<a href = "matlab: createExitMsg({'optimlib:sqpLineSearch:Exit2basic','fmincon'},{'optimlib:sqpLineSearch:Exit2detailed','1.000000e-06','0.000000e+00','1.000000e-06'},true,true);;">stopping criteria details</a>>

Final value of minus the log posterior (or likelihood):-2335.120105 

RESULTS FROM POSTERIOR ESTIMATION
parameters
           prior mean     mode    s.d.  prior pstdev

phi_pi_U       1.5000   1.4389  0.1908   gamm 0.2000 
phi_pi_G       1.5000   1.5738  0.1271   gamm 0.2000 
phi_Y_U        0.2500   0.6376  0.0623   norm 0.1000 
phi_Y_G        0.2500   0.6966  0.0571   norm 0.1000 
theta_p_U      0.7500   0.7584  0.0323   beta 0.1000 
theta_W_U      0.7500   0.7428  0.0801   beta 0.1000 
theta_p_G      0.7500   0.7866  0.0259   beta 0.1000 
theta_W_G      0.7500   0.5886  0.0991   beta 0.1000 
rho_m_U        0.7500   0.4718  0.0508   beta 0.1000 
rho_m_G        0.7500   0.4941  0.0494   beta 0.1000 
rho_eps_U      0.7500   0.9235  0.0159   beta 0.1000 
rho_eps_G      0.7500   0.9225  0.0122   beta 0.1000 
rho_uip_G      0.7500   0.9901  0.0024   beta 0.1000 
rho_a_U        0.7500   0.8309  0.0321   beta 0.1000 
rho_a_G        0.7500   0.8708  0.0240   beta 0.1000 

standard deviation of shocks
           prior mean     mode    s.d.  prior pstdev

eps_i_U        0.0100   0.0030  0.0003   invg 0.0050 
eps_i_G        0.0100   0.0027  0.0003   invg 0.0050 
eps_i_R        0.0100   0.0090  0.0008   invg 0.0050 
eps_R          0.0100   0.0065  0.0016   invg 0.0050 
eps_G          0.0100   0.0163  0.0016   invg 0.0050 
eps_a_U        0.0100   0.0063  0.0014   invg 0.0050 
eps_a_G        0.0100   0.0053  0.0010   invg 0.0050 
eps_a_R        0.0100   0.0122  0.0018   invg 0.0050 
eps_uip_G      0.0100   0.0029  0.0003   invg 0.0050 
eps_uip_R      0.0100   0.0057  0.0012   invg 0.0050 


Log data density [Laplace approximation] is 2232.533573.

Estimation::mcmc: One Chain mode.
Estimation::mcmc: Old mh-files successfully erased!
Estimation::mcmc: Old metropolis.log file successfully erased!
Estimation::mcmc: Creation of a new metropolis.log file.
Estimation::mcmc: Initialization at the posterior mode.

Estimation::mcmc: Write details about the MCMC... Ok!
Estimation::mcmc: Details about the MCMC are available in LCP_D/metropolis/LCP_D_mh_history_0.mat


Estimation::mcmc: Number of mh files: 2 per block.
Estimation::mcmc: Total number of generated files: 2.
Estimation::mcmc: Total number of iterations: 500000.
Estimation::mcmc: Current acceptance ratio per chain: 
                                                       Chain  1: 57.2044%
Estimation::mcmc: Total number of MH draws per chain: 500000.
Estimation::mcmc: Total number of generated MH files: 2.
Estimation::mcmc: I'll use mh-files 1 to 2.
Estimation::mcmc: In MH-file number 1 I'll start at line 250001.
Estimation::mcmc: Finally I keep 250000 draws per chain.



MCMC Inefficiency factors per block
Parameter          Block 1
SE_eps_i_U         275.390
SE_eps_i_G         243.603
SE_eps_i_R         412.866
SE_eps_R           428.331
SE_eps_G           715.199
SE_eps_a_U         386.783
SE_eps_a_G         341.645
SE_eps_a_R         454.222
SE_eps_uip_G       447.984
SE_eps_uip_R       689.889
phi_pi_U           289.746
phi_pi_G           384.739
phi_Y_U            315.976
phi_Y_G            431.247
theta_p_U          732.430
theta_W_U          532.788
theta_p_G          679.165
theta_W_G          513.784
rho_m_U            437.725
rho_m_G            280.500
rho_eps_U          624.614
rho_eps_G          507.449
rho_uip_G          747.979
rho_a_U            642.805
rho_a_G            459.154


Geweke (1992) Convergence Tests, based on means of draws 250000 to 300000 vs 375000 to 500000.
p-values are for Chi2-test for equality of means.
Parameter            Post. Mean        Post. Std   p-val No Taper   p-val 4% Taper   p-val 8% Taper  p-val 15% Taper
SE_eps_i_U                0.003            0.000            0.000            0.000            0.000            0.000
SE_eps_i_G                0.003            0.000            0.000            0.000            0.000            0.000
SE_eps_i_R                0.010            0.001            0.000            0.000            0.000            0.000
SE_eps_R                  0.008            0.003            0.000            0.065            0.096            0.129
SE_eps_G                  0.012            0.006            0.000            0.000            0.000            0.000
SE_eps_a_U                0.006            0.002            0.000            0.000            0.000            0.000
SE_eps_a_G                0.005            0.001            0.000            0.000            0.000            0.000
SE_eps_a_R                0.011            0.003            0.000            0.000            0.000            0.000
SE_eps_uip_G              0.003            0.000            0.000            0.000            0.000            0.000
SE_eps_uip_R              0.012            0.006            0.000            0.000            0.000            0.000
phi_pi_U                  1.492            0.191            0.000            0.000            0.000            0.000
phi_pi_G                  1.661            0.169            0.000            0.540            0.625            0.678
phi_Y_U                   0.625            0.069            0.000            0.000            0.000            0.000
phi_Y_G                   0.651            0.080            0.000            0.000            0.000            0.000
theta_p_U                 0.562            0.212            0.000            0.000            0.000            0.000
theta_W_U                 0.737            0.111            0.000            0.000            0.000            0.000
theta_p_G                 0.713            0.091            0.000            0.000            0.000            0.000
theta_W_G                 0.653            0.128            0.000            0.000            0.000            0.000
rho_m_U                   0.526            0.073            0.000            0.000            0.000            0.000
rho_m_G                   0.518            0.053            0.000            0.000            0.000            0.000
rho_eps_U                 0.889            0.033            0.000            0.000            0.000            0.000
rho_eps_G                 0.905            0.020            0.000            0.000            0.000            0.000
rho_uip_G                 0.894            0.118            0.000            0.000            0.000            0.000
rho_a_U                   0.760            0.072            0.000            0.000            0.000            0.000
rho_a_G                   0.851            0.034            0.000            0.128            0.213            0.284


Estimation::marginal density: I'm computing the posterior mean and covariance...  Done!
Estimation::marginal density: I'm computing the posterior log marginal density (modified harmonic mean)... Done!


ESTIMATION RESULTS

Log data density is 2244.378085.

parameters
             prior mean   post. mean        90% HPD interval    prior       pstdev

phi_pi_U          1.500       1.5361      1.2439      1.8453     gamm       0.2000
phi_pi_G          1.500       1.7043      1.4004      2.0105     gamm       0.2000
phi_Y_U           0.250       0.6205      0.4979      0.7412     norm       0.1000
phi_Y_G           0.250       0.6086      0.4799      0.7277     norm       0.1000
theta_p_U         0.750       0.3823      0.2600      0.7450     beta       0.1000
theta_W_U         0.750       0.7991      0.6787      0.9300     beta       0.1000
theta_p_G         0.750       0.6425      0.5416      0.7961     beta       0.1000
theta_W_G         0.750       0.7322      0.5713      0.8854     beta       0.1000
rho_m_U           0.750       0.5720      0.4724      0.6691     beta       0.1000
rho_m_G           0.750       0.5358      0.4540      0.6173     beta       0.1000
rho_eps_U         0.750       0.8664      0.8176      0.9186     beta       0.1000
rho_eps_G         0.750       0.8940      0.8617      0.9276     beta       0.1000
rho_uip_G         0.750       0.7985      0.7210      0.9929     beta       0.1000
rho_a_U           0.750       0.7165      0.5998      0.8375     beta       0.1000
rho_a_G           0.750       0.8418      0.7824      0.9043     beta       0.1000

standard deviation of shocks
             prior mean   post. mean        90% HPD interval    prior       pstdev

eps_i_U           0.010       0.0028      0.0023      0.0032     invg       0.0050
eps_i_G           0.010       0.0026      0.0022      0.0031     invg       0.0050
eps_i_R           0.010       0.0106      0.0086      0.0125     invg       0.0050
eps_R             0.010       0.0085      0.0044      0.0127     invg       0.0050
eps_G             0.010       0.0071      0.0038      0.0159     invg       0.0050
eps_a_U           0.010       0.0056      0.0041      0.0072     invg       0.0050
eps_a_G           0.010       0.0049      0.0034      0.0063     invg       0.0050
eps_a_R           0.010       0.0089      0.0048      0.0132     invg       0.0050
eps_uip_G         0.010       0.0032      0.0025      0.0038     invg       0.0050
eps_uip_R         0.010       0.0167      0.0054      0.0220     invg       0.0050
Total computing time : 3h23m27s
