Starting Dynare (version 5.0).
Calling Dynare with arguments: none
Starting preprocessing of the model file ...
Found 105 equation(s).
Evaluating expressions...done
Computing static model derivatives (order 1).
Computing dynamic model derivatives (order 1).
Processing outputs ...
done
Preprocessing completed.

[Warning: The value of local variables may have been changed to match the globals.  Future versions of MATLAB will require that you declare a variable
to be global before you use that variable.] 
[> In <a href="matlab:matlab.internal.language.introspective.errorDocCallback('DCP_D.driver', '/home/stefan/Dropbox/Stefan/UNI/PhD/DCP Determinacy/Code/Final Code_June_Binder_Suggestions/DCP Model/gamma_0_5/+DCP_D/driver.m', 15)" style="font-weight:bold">DCP_D.driver</a> (<a href="matlab: opentoline('/home/stefan/Dropbox/Stefan/UNI/PhD/DCP Determinacy/Code/Final Code_June_Binder_Suggestions/DCP Model/gamma_0_5/+DCP_D/driver.m',15,0)">line 15</a>)
In <a href="matlab:matlab.internal.language.introspective.errorDocCallback('dynare', '/usr/lib/dynare/matlab/dynare.m', 289)" style="font-weight:bold">dynare</a> (<a href="matlab: opentoline('/usr/lib/dynare/matlab/dynare.m',289,0)">line 289</a>)
In <a href="matlab:matlab.internal.language.introspective.errorDocCallback('Det_Ana_Vary_All_gam_0_5', '/home/stefan/Dropbox/Stefan/UNI/PhD/DCP Determinacy/Code/Final Code_June_Binder_Suggestions/Det_Ana_Vary_All_gam_0_5.m', 71)" style="font-weight:bold">Det_Ana_Vary_All_gam_0_5</a> (<a href="matlab: opentoline('/home/stefan/Dropbox/Stefan/UNI/PhD/DCP Determinacy/Code/Final Code_June_Binder_Suggestions/Det_Ana_Vary_All_gam_0_5.m',71,0)">line 71</a>)] 

STEADY-STATE RESULTS:

p_UU         		 0
p_GG         		 0
p_RR         		 0
p_UG         		 0
p_UR         		 0
p_GU         		 0
p_GR         		 0
p_RG         		 0
p_RU         		 0
p_UU_reset   		 0
p_GG_reset   		 0
p_RR_reset   		 0
c_U          		 -0.120511
c_R          		 -0.120511
c_G          		 -0.120511
pi_U         		 0
pi_R         		 0
pi_G         		 0
i_U          		 0.010101
i_R          		 0.010101
i_G          		 0.010101
i_U_G        		 0.010101
i_U_R        		 0.010101
B_U          		 0
B_G          		 0
B_R          		 0
w_U          		 -0.988984
w_G          		 -0.988984
w_R          		 -0.988984
n_U          		 -0.517822
n_G          		 -0.517822
n_R          		 -0.517822
mc_U         		 -0.693147
mc_G         		 -0.693147
mc_R         		 -0.693147
x_U          		 -0.813659
x_G          		 -0.813659
x_R          		 -0.813659
y_U          		 0.284954
y_R          		 0.284954
y_G          		 0.284954
y_UU         		 -0.408193
y_UG         		 -1.10134
y_UR         		 -1.10134
y_GG         		 -0.408193
y_GU         		 -1.10134
y_GR         		 -1.10134
y_RR         		 -0.408193
y_RU         		 -1.10134
y_RG         		 -1.10134
Profit_U     		 0.66485
Profit_G     		 0.66485
Profit_R     		 0.66485
q_G          		 0
q_R          		 0
eps_M_U      		 0
eps_M_G      		 0
eps_M_R      		 0
a_U          		 1
a_G          		 1
a_R          		 1
uip_G        		 0
uip_R        		 0
y_U_UG       		 -1.10134
y_G_UG       		 -1.10134
p_U_UG       		 0
p_G_UG       		 0
p_U_UG_reset 		 0
p_G_UG_reset 		 0
y_U_UR       		 -1.10134
y_R_UR       		 -1.10134
p_U_UR       		 0
p_R_UR       		 0
p_U_UR_reset 		 0
p_R_UR_reset 		 0
y_U_GU       		 -1.10134
y_G_GU       		 -1.10134
p_U_GU       		 0
p_G_GU       		 0
p_U_GU_reset 		 0
p_G_GU_reset 		 0
y_R_GR       		 -1.10134
y_G_GR       		 -1.10134
y_U_GR       		 -1.10134
p_R_GR       		 0
p_G_GR       		 0
p_U_GR       		 0
p_R_GR_reset 		 0
p_G_GR_reset 		 0
p_U_GR_reset 		 0
y_U_RU       		 -1.10134
y_R_RU       		 -1.10134
p_U_RU       		 0
p_R_RU       		 0
p_U_RU_reset 		 0
p_R_RU_reset 		 0
y_R_RG       		 -1.10134
y_G_RG       		 -1.10134
y_U_RG       		 -1.10134
p_R_RG       		 0
p_G_RG       		 0
p_U_RG       		 0
p_R_RG_reset 		 0
p_G_RG_reset 		 0
p_U_RG_reset 		 0

MODEL SUMMARY

  Number of variables:         105
  Number of stochastic shocks: 10
  Number of state variables:   38
  Number of jumpers:           28
  Number of static variables:  45


MATRIX OF COVARIANCE OF EXOGENOUS SHOCKS
Variables      eps_i_U    eps_i_G    eps_i_R      eps_R      eps_G    eps_a_U    eps_a_G    eps_a_R  eps_uip_G  eps_uip_R
eps_i_U       0.000000   0.000000   0.000000   0.000000   0.000000   0.000000   0.000000   0.000000   0.000000   0.000000
eps_i_G       0.000000   0.000006   0.000000   0.000000   0.000000   0.000000   0.000000   0.000000   0.000000   0.000000
eps_i_R       0.000000   0.000000   0.000000   0.000000   0.000000   0.000000   0.000000   0.000000   0.000000   0.000000
eps_R         0.000000   0.000000   0.000000   0.000000   0.000000   0.000000   0.000000   0.000000   0.000000   0.000000
eps_G         0.000000   0.000000   0.000000   0.000000   0.000000   0.000000   0.000000   0.000000   0.000000   0.000000
eps_a_U       0.000000   0.000000   0.000000   0.000000   0.000000   0.000000   0.000000   0.000000   0.000000   0.000000
eps_a_G       0.000000   0.000000   0.000000   0.000000   0.000000   0.000000   0.000000   0.000000   0.000000   0.000000
eps_a_R       0.000000   0.000000   0.000000   0.000000   0.000000   0.000000   0.000000   0.000000   0.000000   0.000000
eps_uip_G     0.000000   0.000000   0.000000   0.000000   0.000000   0.000000   0.000000   0.000000   0.000000   0.000000
eps_uip_R     0.000000   0.000000   0.000000   0.000000   0.000000   0.000000   0.000000   0.000000   0.000000   0.000000

POLICY AND TRANSITION FUNCTIONS
                                pi_G            p_GG
p_UU(-1)                   -0.046076        0.017408
p_GG(-1)                    0.492096        0.445424
p_RR(-1)                    0.002736       -0.004298
i_U(-1)                     0.228151       -0.211260
i_R(-1)                     0.011300       -0.008060
i_G(-1)                    -0.233755        0.213159
B_G(-1)                     0.002538       -0.002671
B_R(-1)                     0.000527       -0.000517
eps_M_U(-1)                -1.066279        0.722294
eps_M_G(-1)                 1.569947       -0.697997
eps_M_R(-1)                -0.022961        0.014145
a_U(-1)                     0.031916       -0.013612
a_G(-1)                    -0.125391       -0.038948
a_R(-1)                    -0.027810        0.019895
uip_G(-1)                   1.368532       -1.033389
uip_R(-1)                  -0.012401        0.008911
p_U_UG(-1)                  0.041024       -0.031507
p_U_UR(-1)                 -0.078787        0.066283
p_U_GU(-1)                  0.186780       -0.164319
p_U_GR(-1)                  0.115825       -0.089964
p_U_RU(-1)                  0.049078       -0.051203
p_U_RG(-1)                  0.113568       -0.096968
w_U(-1)                    -0.006032        0.002682
w_G(-1)                     0.013408        0.005503
w_R(-1)                     0.014214       -0.007792
eps_i_U                    -1.134219        0.768316
eps_i_G                     1.632301       -0.725720
eps_i_R                    -0.045922        0.028290
eps_R                      -0.010933        0.009057
eps_G                       0.326303       -0.311237
eps_a_U                     0.038514       -0.016425
eps_a_G                    -0.138507       -0.043022
eps_a_R                    -0.034762        0.024869
eps_uip_G                   1.399603       -1.056852
eps_uip_R                  -0.024802        0.017822


MOMENTS OF SIMULATED VARIABLES
VARIABLE              MEAN       STD. DEV.        VARIANCE        SKEWNESS        KURTOSIS
pi_G             -0.003550        0.008807        0.000078        0.205242        0.367367
p_GG              0.002432        0.006511        0.000042       -0.215532        0.293654


CORRELATION OF SIMULATED VARIABLES
VARIABLE      pi_G    p_GG
pi_G        1.0000 -0.9772
p_GG       -0.9772  1.0000


AUTOCORRELATION OF SIMULATED VARIABLES
VARIABLE         1       2       3       4       5
pi_G        0.8792  0.8385  0.7927  0.7598  0.7303
p_GG        0.9605  0.9143  0.8646  0.8191  0.7786



VARIANCE DECOMPOSITION SIMULATING ONE SHOCK AT A TIME (in percent)
                 eps_i_U           eps_i_G           eps_i_R             eps_R             eps_G           eps_a_U           eps_a_G           eps_a_R         eps_uip_G         eps_uip_R  Tot. lin. contr.
pi_G                0.00            100.11              0.00              0.00              0.00              0.00              0.00              0.00              0.00              0.00            100.11
p_GG                0.00            100.11              0.00              0.00              0.00              0.00              0.00              0.00              0.00              0.00            100.11
Note: numbers do not add up to 100 due to non-zero correlation of simulated shocks in small samples

Total computing time : 0h00m01s
Note: warning(s) encountered in MATLAB/Octave code
